2024-12-08 17:59:41,263 [background-preinit] INFO  o.h.validator.internal.util.Version - HV000001: Hibernate Validator 8.0.1.Final
2024-12-08 17:59:42,922 [main] INFO  o.s.d.r.c.RepositoryConfigurationDelegate - Multiple Spring Data modules found, entering strict repository configuration mode
2024-12-08 17:59:42,922 [main] INFO  o.s.d.r.c.RepositoryConfigurationDelegate - Bootstrapping Spring Data JPA repositories in LAZY mode.
2024-12-08 17:59:43,060 [main] INFO  o.s.d.r.c.RepositoryConfigurationDelegate - Finished Spring Data repository scanning in 132 ms. Found 1 JPA repository interface.
2024-12-08 17:59:43,066 [main] INFO  o.s.d.r.c.RepositoryConfigurationDelegate - Multiple Spring Data modules found, entering strict repository configuration mode
2024-12-08 17:59:43,066 [main] INFO  o.s.d.r.c.RepositoryConfigurationDelegate - Bootstrapping Spring Data JPA repositories in LAZY mode.
2024-12-08 17:59:43,102 [main] INFO  o.s.d.r.c.RepositoryConfigurationDelegate - Finished Spring Data repository scanning in 35 ms. Found 6 JPA repository interfaces.
2024-12-08 17:59:43,103 [main] INFO  o.s.d.r.c.RepositoryConfigurationDelegate - Multiple Spring Data modules found, entering strict repository configuration mode
2024-12-08 17:59:43,104 [main] INFO  o.s.d.r.c.RepositoryConfigurationDelegate - Bootstrapping Spring Data JPA repositories in LAZY mode.
2024-12-08 17:59:43,114 [main] INFO  o.s.d.r.c.RepositoryConfigurationDelegate - Finished Spring Data repository scanning in 10 ms. Found 1 JPA repository interface.
2024-12-08 17:59:43,115 [main] INFO  o.s.d.r.c.RepositoryConfigurationDelegate - Multiple Spring Data modules found, entering strict repository configuration mode
2024-12-08 17:59:43,115 [main] INFO  o.s.d.r.c.RepositoryConfigurationDelegate - Bootstrapping Spring Data JPA repositories in LAZY mode.
2024-12-08 17:59:43,273 [main] INFO  o.s.d.r.c.RepositoryConfigurationDelegate - Finished Spring Data repository scanning in 157 ms. Found 52 JPA repository interfaces.
2024-12-08 17:59:43,915 [main] INFO  o.s.i.c.DefaultConfiguringBeanFactoryPostProcessor - No bean named 'errorChannel' has been explicitly defined. Therefore, a default PublishSubscribeChannel will be created.
2024-12-08 17:59:43,930 [main] INFO  o.s.i.c.DefaultConfiguringBeanFactoryPostProcessor - No bean named 'integrationHeaderChannelRegistry' has been explicitly defined. Therefore, a default DefaultHeaderChannelRegistry will be created.
2024-12-08 17:59:44,895 [main] INFO  o.s.b.w.e.tomcat.TomcatWebServer - Tomcat initialized with port 9090 (http)
2024-12-08 17:59:44,905 [main] INFO  o.a.coyote.http11.Http11NioProtocol - The ["http-nio-0.0.0.0-9090"] connector has been configured to support HTTP upgrade to [h2c]
2024-12-08 17:59:44,905 [main] INFO  o.a.coyote.http11.Http11NioProtocol - Initializing ProtocolHandler ["http-nio-0.0.0.0-9090"]
2024-12-08 17:59:44,908 [main] INFO  o.a.catalina.core.StandardService - Starting service [Tomcat]
2024-12-08 17:59:44,908 [main] INFO  o.a.catalina.core.StandardEngine - Starting Servlet engine: [Apache Tomcat/10.1.19]
2024-12-08 17:59:44,946 [main] INFO  o.a.c.c.C.[Tomcat].[localhost].[/] - Initializing Spring embedded WebApplicationContext
2024-12-08 17:59:44,946 [main] INFO  o.s.b.w.s.c.ServletWebServerApplicationContext - Root WebApplicationContext: initialization completed in 3511 ms
2024-12-08 17:59:45,363 [main] INFO  o.h.jpa.internal.util.LogHelper - HHH000204: Processing PersistenceUnitInfo [name: default]
2024-12-08 17:59:45,431 [main] INFO  org.hibernate.Version - HHH000412: Hibernate ORM core version 6.4.4.Final
2024-12-08 17:59:45,473 [main] INFO  o.h.c.i.RegionFactoryInitiator - HHH000026: Second-level cache disabled
2024-12-08 17:59:45,608 [main] INFO  com.zaxxer.hikari.HikariDataSource - HikariPool-1 - Starting...
2024-12-08 17:59:45,723 [main] INFO  com.zaxxer.hikari.pool.HikariPool - HikariPool-1 - Added connection org.postgresql.jdbc.PgConnection@11703cc8
2024-12-08 17:59:45,725 [main] INFO  com.zaxxer.hikari.HikariDataSource - HikariPool-1 - Start completed.
2024-12-08 17:59:46,219 [main] INFO  o.s.o.j.p.SpringPersistenceUnitInfo - No LoadTimeWeaver setup: ignoring JPA class transformer
2024-12-08 17:59:48,328 [main] INFO  o.h.e.t.j.p.i.JtaPlatformInitiator - HHH000489: No JTA platform available (set 'hibernate.transaction.jta.platform' to enable JTA platform integration)
2024-12-08 17:59:48,341 [main] INFO  o.s.o.j.LocalContainerEntityManagerFactoryBean - Initialized JPA EntityManagerFactory for persistence unit 'default'
2024-12-08 17:59:49,484 [main] INFO  o.t.s.d.a.CachedAttributesService - Going to use directExecutor for the local cache type caffeine
2024-12-08 17:59:50,505 [main] INFO  o.s.b.a.w.s.WelcomePageHandlerMapping - Adding welcome page: class path resource [public/index.html]
2024-12-08 17:59:51,851 [main] INFO  o.s.b.a.e.web.EndpointLinksResolver - Exposing 1 endpoint(s) beneath base path '/actuator'
2024-12-08 17:59:51,902 [main] INFO  o.s.s.web.DefaultSecurityFilterChain - Will secure any request with [org.springframework.security.web.session.DisableEncodeUrlFilter@326b9b05, org.springframework.security.web.context.request.async.WebAsyncManagerIntegrationFilter@7bca7915, org.springframework.security.web.context.SecurityContextHolderFilter@1aa001e1, org.springframework.security.web.header.HeaderWriterFilter@26174f13, org.springframework.web.filter.CorsFilter@13d664e7, org.springframework.security.web.csrf.CsrfFilter@13918817, org.springframework.security.web.authentication.logout.LogoutFilter@32bf498, org.springframework.security.oauth2.client.web.OAuth2AuthorizationRequestRedirectFilter@5bce1e69, org.springframework.security.oauth2.client.web.OAuth2AuthorizationRequestRedirectFilter@26385ac2, org.springframework.security.oauth2.client.web.OAuth2LoginAuthenticationFilter@5d113435, org.springframework.security.web.authentication.ui.DefaultLoginPageGeneratingFilter@17c8a172, org.springframework.security.web.authentication.ui.DefaultLogoutPageGeneratingFilter@6b22be33, org.springframework.security.web.savedrequest.RequestCacheAwareFilter@8cc95c5, org.springframework.security.web.servletapi.SecurityContextHolderAwareRequestFilter@559207b2, org.springframework.security.web.authentication.AnonymousAuthenticationFilter@5ffa3e1, org.springframework.security.oauth2.client.web.OAuth2AuthorizationCodeGrantFilter@6cd6d28, org.springframework.security.web.access.ExceptionTranslationFilter@78f7f351, org.springframework.security.web.access.intercept.AuthorizationFilter@33b4bbae]
2024-12-08 17:59:52,291 [main] INFO  o.s.i.endpoint.EventDrivenConsumer - Adding {logging-channel-adapter:_org.springframework.integration.errorLogger} as a subscriber to the 'errorChannel' channel
2024-12-08 17:59:52,292 [main] INFO  o.s.i.c.PublishSubscribeChannel - Channel 'application.errorChannel' has 1 subscriber(s).
2024-12-08 17:59:52,292 [main] INFO  o.s.i.endpoint.EventDrivenConsumer - started bean '_org.springframework.integration.errorLogger'
2024-12-08 17:59:52,292 [main] INFO  o.a.coyote.http11.Http11NioProtocol - Starting ProtocolHandler ["http-nio-0.0.0.0-9090"]
2024-12-08 17:59:52,320 [main] INFO  o.s.b.w.e.tomcat.TomcatWebServer - Tomcat started on port 9090 (http) with context path ''
2024-12-08 17:59:52,369 [main] INFO  o.t.s.i.ThingsboardInstallService - Starting ThingsBoard Installation...
2024-12-08 17:59:52,370 [main] INFO  o.t.s.i.ThingsboardInstallService - Installing DataBase schema for entities...
2024-12-08 17:59:52,370 [main] INFO  o.t.s.s.i.SqlAbstractDatabaseSchemaService - Installing SQL DataBase schema part: schema-entities.sql
2024-12-08 17:59:53,035 [main] INFO  o.t.s.s.i.SqlAbstractDatabaseSchemaService - Installing SQL DataBase schema indexes part: schema-entities-idx.sql
2024-12-08 17:59:53,222 [main] INFO  o.t.s.s.i.SqlEntityDatabaseSchemaService - Installing SQL DataBase schema PostgreSQL specific indexes part: schema-entities-idx-psql-addon.sql
2024-12-08 17:59:53,242 [main] INFO  o.t.s.s.i.SqlEntityDatabaseSchemaService - Installing SQL DataBase schema views and functions: schema-views-and-functions.sql
2024-12-08 17:59:53,304 [main] INFO  o.t.s.s.i.SqlAbstractDatabaseSchemaService - Successfully executed query: DROP VIEW IF EXISTS device_info_view CASCADE;
2024-12-08 17:59:58,325 [main] INFO  o.t.s.s.i.SqlAbstractDatabaseSchemaService - Successfully executed query: CREATE OR REPLACE VIEW device_info_view AS SELECT * FROM device_info_active_attribute_view;
2024-12-08 18:00:06,660 [main] INFO  o.t.s.i.ThingsboardInstallService - Installing DataBase schema for timeseries...
2024-12-08 18:00:06,661 [main] INFO  o.t.s.s.i.SqlAbstractDatabaseSchemaService - Installing SQL DataBase schema part: schema-ts-psql.sql
2024-12-08 18:00:06,714 [main] INFO  o.t.s.s.i.SqlAbstractDatabaseSchemaService - Successfully executed query: CREATE TABLE IF NOT EXISTS ts_kv_indefinite PARTITION OF ts_kv DEFAULT;
2024-12-08 18:00:11,715 [main] INFO  o.t.s.i.ThingsboardInstallService - Loading system data...
2024-12-08 18:00:11,994 [main] INFO  o.s.d.j.r.query.QueryEnhancerFactory - Hibernate is in classpath; If applicable, HQL parser will be used.
2024-12-08 18:00:13,085 [main] INFO  c.d.oss.driver.api.core.uuid.Uuids - PID obtained through JMX: 50
2024-12-08 18:00:13,996 [main] INFO  org.owasp.validator.html.Policy - Attempting to load AntiSamy policy from an input stream.
2024-12-08 18:00:14,095 [main] WARN  org.owasp.validator.html.Policy - The directive "noopenerAndNoreferrerAnchors" is enabled by default, but disabled in this policy. It is recommended to leave it enabled to prevent reverse tabnabbing attacks.
2024-12-08 18:00:14,606 [main] INFO  o.t.s.s.i.DefaultSystemDataLoaderService - Creating JWT admin settings...
2024-12-08 18:00:14,609 [main] INFO  o.t.s.s.s.a.j.s.DefaultJwtSettingsService - Saving new JWT admin settings. From this moment, the JWT parameters from YAML and ENV will be ignored
2024-12-08 18:00:14,621 [main] INFO  o.t.s.service.install.InstallScripts - Loading system widgets
2024-12-08 18:00:26,580 [main] INFO  o.t.s.service.install.InstallScripts - Loading system SCADA symbols
2024-12-08 18:00:30,223 [main] INFO  o.t.s.s.i.DefaultSystemDataLoaderService - Creating default notification configs for system admin
2024-12-08 18:00:30,326 [main] INFO  o.t.s.s.i.DefaultSystemDataLoaderService - Creating default notification configs for all tenants
2024-12-08 18:00:36,563 [main] INFO  o.t.s.service.install.InstallScripts - Loading system images...
2024-12-08 18:00:36,626 [main] INFO  o.t.s.i.ThingsboardInstallService - Loading demo data...
2024-12-08 18:00:38,512 [main] INFO  o.t.s.i.ThingsboardInstallService - Installation finished successfully!
2024-12-08 18:00:38,520 [main] INFO  o.a.coyote.http11.Http11NioProtocol - Stopping ProtocolHandler ["http-nio-0.0.0.0-9090"]
2024-12-08 18:00:38,542 [main] INFO  o.s.i.endpoint.EventDrivenConsumer - Removing {logging-channel-adapter:_org.springframework.integration.errorLogger} as a subscriber to the 'errorChannel' channel
2024-12-08 18:00:38,542 [main] INFO  o.s.i.c.PublishSubscribeChannel - Channel 'application.errorChannel' has 0 subscriber(s).
2024-12-08 18:00:38,543 [main] INFO  o.s.i.endpoint.EventDrivenConsumer - stopped bean '_org.springframework.integration.errorLogger'
2024-12-08 18:00:38,552 [sql-queue-1-ts latest-12-thread-1] INFO  o.t.s.dao.sql.TbSqlBlockingQueue - [TS Latest] Queue polling was interrupted
2024-12-08 18:00:38,552 [sql-queue-1-attributes-6-thread-1] INFO  o.t.s.dao.sql.TbSqlBlockingQueue - [Attributes] Queue polling was interrupted
2024-12-08 18:00:38,552 [sql-queue-2-attributes-7-thread-1] INFO  o.t.s.dao.sql.TbSqlBlockingQueue - [Attributes] Queue polling was interrupted
2024-12-08 18:00:38,552 [sql-queue-0-ts-8-thread-1] INFO  o.t.s.dao.sql.TbSqlBlockingQueue - [TS] Queue polling was interrupted
2024-12-08 18:00:38,552 [sql-queue-0-ts latest-11-thread-1] INFO  o.t.s.dao.sql.TbSqlBlockingQueue - [TS Latest] Queue polling was interrupted
2024-12-08 18:00:38,552 [sql-queue-1-ts-9-thread-1] INFO  o.t.s.dao.sql.TbSqlBlockingQueue - [TS] Queue polling was interrupted
2024-12-08 18:00:38,552 [sql-queue-2-ts latest-13-thread-1] INFO  o.t.s.dao.sql.TbSqlBlockingQueue - [TS Latest] Queue polling was interrupted
2024-12-08 18:00:38,552 [sql-queue-2-ts-10-thread-1] INFO  o.t.s.dao.sql.TbSqlBlockingQueue - [TS] Queue polling was interrupted
2024-12-08 18:00:38,552 [sql-queue-0-attributes-5-thread-1] INFO  o.t.s.dao.sql.TbSqlBlockingQueue - [Attributes] Queue polling was interrupted
2024-12-08 18:00:38,552 [sql-queue-1-ts latest-12-thread-1] INFO  o.t.s.dao.sql.TbSqlBlockingQueue - [TS Latest] Queue polling completed
2024-12-08 18:00:38,553 [sql-queue-1-attributes-6-thread-1] INFO  o.t.s.dao.sql.TbSqlBlockingQueue - [Attributes] Queue polling completed
2024-12-08 18:00:38,553 [sql-queue-2-attributes-7-thread-1] INFO  o.t.s.dao.sql.TbSqlBlockingQueue - [Attributes] Queue polling completed
2024-12-08 18:00:38,553 [sql-queue-0-ts-8-thread-1] INFO  o.t.s.dao.sql.TbSqlBlockingQueue - [TS] Queue polling completed
2024-12-08 18:00:38,553 [sql-queue-0-ts latest-11-thread-1] INFO  o.t.s.dao.sql.TbSqlBlockingQueue - [TS Latest] Queue polling completed
2024-12-08 18:00:38,553 [sql-queue-1-ts-9-thread-1] INFO  o.t.s.dao.sql.TbSqlBlockingQueue - [TS] Queue polling completed
2024-12-08 18:00:38,553 [sql-queue-2-ts latest-13-thread-1] INFO  o.t.s.dao.sql.TbSqlBlockingQueue - [TS Latest] Queue polling completed
2024-12-08 18:00:38,553 [sql-queue-2-ts-10-thread-1] INFO  o.t.s.dao.sql.TbSqlBlockingQueue - [TS] Queue polling completed
2024-12-08 18:00:38,554 [sql-queue-0-attributes-5-thread-1] INFO  o.t.s.dao.sql.TbSqlBlockingQueue - [Attributes] Queue polling completed
2024-12-08 18:00:38,557 [sql-queue-0-edge events-16-thread-1] INFO  o.t.s.dao.sql.TbSqlBlockingQueue - [Edge Events] Queue polling was interrupted
2024-12-08 18:00:38,557 [sql-queue-0-edge events-16-thread-1] INFO  o.t.s.dao.sql.TbSqlBlockingQueue - [Edge Events] Queue polling completed
2024-12-08 18:00:38,557 [sql-queue-0-events-2-thread-1] INFO  o.t.s.dao.sql.TbSqlBlockingQueue - [Events] Queue polling was interrupted
2024-12-08 18:00:38,557 [sql-queue-1-events-3-thread-1] INFO  o.t.s.dao.sql.TbSqlBlockingQueue - [Events] Queue polling was interrupted
2024-12-08 18:00:38,557 [sql-queue-2-events-4-thread-1] INFO  o.t.s.dao.sql.TbSqlBlockingQueue - [Events] Queue polling was interrupted
2024-12-08 18:00:38,557 [sql-queue-0-events-2-thread-1] INFO  o.t.s.dao.sql.TbSqlBlockingQueue - [Events] Queue polling completed
2024-12-08 18:00:38,557 [sql-queue-1-events-3-thread-1] INFO  o.t.s.dao.sql.TbSqlBlockingQueue - [Events] Queue polling completed
2024-12-08 18:00:38,558 [sql-queue-2-events-4-thread-1] INFO  o.t.s.dao.sql.TbSqlBlockingQueue - [Events] Queue polling completed
2024-12-08 18:00:38,558 [main] INFO  o.s.o.j.LocalContainerEntityManagerFactoryBean - Closing JPA EntityManagerFactory for persistence unit 'default'
2024-12-08 18:00:38,560 [main] INFO  com.zaxxer.hikari.HikariDataSource - HikariPool-1 - Shutdown initiated...
2024-12-08 18:00:38,565 [main] INFO  com.zaxxer.hikari.HikariDataSource - HikariPool-1 - Shutdown completed.
