0 verbose cli /usr/local/bin/node /usr/local/bin/npm
1 info using npm@10.8.2
2 info using node@v20.18.0
3 silly config load:file:/usr/local/lib/node_modules/npm/npmrc
4 silly config load:file:/data/.npmrc
5 silly config load:file:/usr/src/node-red/.npmrc
6 silly config load:file:/usr/local/etc/npmrc
7 verbose title npm install node-red-dashboard@3.6.5
8 verbose argv "install" "--no-audit" "--no-update-notifier" "--no-fund" "--save" "--save-prefix" "~" "--omit" "dev" "--engine-strict" "node-red-dashboard@3.6.5"
9 verbose logfile logs-max:10 dir:/data/.npm/_logs/2025-01-06T20_19_12_902Z-
10 verbose logfile /data/.npm/_logs/2025-01-06T20_19_12_902Z-debug-0.log
11 silly packumentCache heap:4345298944 maxSize:1086324736 maxEntrySize:543162368
12 silly logfile done cleaning log files
13 silly idealTree buildDeps
14 silly fetch manifest node-red-dashboard@3.6.5
15 silly packumentCache full:https://registry.npmjs.org/node-red-dashboard cache-miss
16 http fetch GET 200 https://registry.npmjs.org/node-red-dashboard 256ms (cache miss)
17 silly packumentCache full:https://registry.npmjs.org/node-red-dashboard set size:undefined disposed:false
18 silly placeDep ROOT node-red-dashboard@3.6.5 OK for: node-red-project@0.0.1 want: 3.6.5
19 silly fetch manifest compression@^1.7.4
20 silly packumentCache full:https://registry.npmjs.org/compression cache-miss
21 silly fetch manifest gridstack@^0.6.4
22 silly packumentCache full:https://registry.npmjs.org/gridstack cache-miss
23 silly fetch manifest socket.io@^4.7.4
24 silly packumentCache full:https://registry.npmjs.org/socket.io cache-miss
25 http fetch GET 200 https://registry.npmjs.org/compression 80ms (cache miss)
26 silly packumentCache full:https://registry.npmjs.org/compression set size:undefined disposed:false
27 http fetch GET 200 https://registry.npmjs.org/socket.io 182ms (cache miss)
28 silly packumentCache full:https://registry.npmjs.org/socket.io set size:undefined disposed:false
29 http fetch GET 200 https://registry.npmjs.org/gridstack 304ms (cache miss)
30 silly packumentCache full:https://registry.npmjs.org/gridstack set size:undefined disposed:false
31 silly placeDep ROOT compression@1.7.5 OK for: node-red-dashboard@3.6.5 want: ^1.7.4
32 silly placeDep ROOT gridstack@0.6.4 OK for: node-red-dashboard@3.6.5 want: ^0.6.4
33 silly placeDep ROOT socket.io@4.8.1 OK for: node-red-dashboard@3.6.5 want: ^4.7.4
34 silly fetch manifest negotiator@~0.6.4
35 silly packumentCache full:https://registry.npmjs.org/negotiator cache-miss
36 silly fetch manifest on-headers@~1.0.2
37 silly packumentCache full:https://registry.npmjs.org/on-headers cache-miss
38 silly fetch manifest compressible@~2.0.18
39 silly packumentCache full:https://registry.npmjs.org/compressible cache-miss
40 silly fetch manifest jquery@^1.8 || 2 || 3
41 silly packumentCache full:https://registry.npmjs.org/jquery cache-miss
42 silly fetch manifest cors@~2.8.5
43 silly packumentCache full:https://registry.npmjs.org/cors cache-miss
44 silly fetch manifest debug@~4.3.2
45 silly packumentCache full:https://registry.npmjs.org/debug cache-miss
46 silly fetch manifest base64id@~2.0.0
47 silly packumentCache full:https://registry.npmjs.org/base64id cache-miss
48 silly fetch manifest engine.io@~6.6.0
49 silly packumentCache full:https://registry.npmjs.org/engine.io cache-miss
50 silly fetch manifest socket.io-parser@~4.2.4
51 silly packumentCache full:https://registry.npmjs.org/socket.io-parser cache-miss
52 silly fetch manifest socket.io-adapter@~2.5.2
53 silly packumentCache full:https://registry.npmjs.org/socket.io-adapter cache-miss
54 http fetch GET 200 https://registry.npmjs.org/negotiator 53ms (cache hit)
55 silly packumentCache full:https://registry.npmjs.org/negotiator set size:47986 disposed:false
56 http fetch GET 200 https://registry.npmjs.org/on-headers 76ms (cache miss)
57 silly packumentCache full:https://registry.npmjs.org/on-headers set size:undefined disposed:false
58 http fetch GET 200 https://registry.npmjs.org/compressible 77ms (cache miss)
59 silly packumentCache full:https://registry.npmjs.org/compressible set size:undefined disposed:false
60 http fetch GET 200 https://registry.npmjs.org/cors 118ms (cache miss)
61 silly packumentCache full:https://registry.npmjs.org/cors set size:undefined disposed:false
62 http fetch GET 200 https://registry.npmjs.org/debug 138ms (cache updated)
63 silly packumentCache full:https://registry.npmjs.org/debug set size:undefined disposed:false
64 http fetch GET 200 https://registry.npmjs.org/socket.io-adapter 162ms (cache miss)
65 silly packumentCache full:https://registry.npmjs.org/socket.io-adapter set size:undefined disposed:false
66 http fetch GET 200 https://registry.npmjs.org/base64id 166ms (cache miss)
67 silly packumentCache full:https://registry.npmjs.org/base64id set size:undefined disposed:false
68 http fetch GET 200 https://registry.npmjs.org/socket.io-parser 169ms (cache miss)
69 silly packumentCache full:https://registry.npmjs.org/socket.io-parser set size:undefined disposed:false
70 http fetch GET 200 https://registry.npmjs.org/jquery 203ms (cache miss)
71 silly packumentCache full:https://registry.npmjs.org/jquery set size:undefined disposed:false
72 http fetch GET 200 https://registry.npmjs.org/engine.io 210ms (cache miss)
73 silly packumentCache full:https://registry.npmjs.org/engine.io set size:undefined disposed:false
74 silly placeDep ROOT compressible@2.0.18 OK for: compression@1.7.5 want: ~2.0.18
75 silly placeDep node_modules/compression negotiator@0.6.4 OK for: compression@1.7.5 want: ~0.6.4
76 silly placeDep ROOT on-headers@1.0.2 OK for: compression@1.7.5 want: ~1.0.2
77 silly placeDep ROOT jquery@3.7.1 OK for: gridstack@0.6.4 want: ^1.8 || 2 || 3
78 silly placeDep ROOT base64id@2.0.0 OK for: socket.io@4.8.1 want: ~2.0.0
79 silly placeDep ROOT cors@2.8.5 OK for: socket.io@4.8.1 want: ~2.8.5
80 silly placeDep node_modules/socket.io debug@4.3.7 OK for: socket.io@4.8.1 want: ~4.3.2
81 silly placeDep ROOT engine.io@6.6.2 OK for: socket.io@4.8.1 want: ~6.6.0
82 silly placeDep ROOT socket.io-adapter@2.5.5 OK for: socket.io@4.8.1 want: ~2.5.2
83 silly placeDep ROOT socket.io-parser@4.2.4 OK for: socket.io@4.8.1 want: ~4.2.4
84 silly fetch manifest object-assign@^4
85 silly packumentCache full:https://registry.npmjs.org/object-assign cache-miss
86 silly fetch manifest ms@^2.1.3
87 silly packumentCache full:https://registry.npmjs.org/ms cache-miss
88 silly fetch manifest @types/cookie@^0.4.1
89 silly packumentCache full:https://registry.npmjs.org/@types%2fcookie cache-miss
90 silly fetch manifest @types/cors@^2.8.12
91 silly packumentCache full:https://registry.npmjs.org/@types%2fcors cache-miss
92 silly fetch manifest @types/node@>=10.0.0
93 silly packumentCache full:https://registry.npmjs.org/@types%2fnode cache-miss
94 silly fetch manifest cookie@~0.7.2
95 silly packumentCache full:https://registry.npmjs.org/cookie cache-miss
96 silly fetch manifest debug@~4.3.1
97 silly packumentCache full:https://registry.npmjs.org/debug cache-miss
98 silly fetch manifest engine.io-parser@~5.2.1
99 silly packumentCache full:https://registry.npmjs.org/engine.io-parser cache-miss
100 silly fetch manifest ws@~8.17.1
101 silly packumentCache full:https://registry.npmjs.org/ws cache-miss
102 silly fetch manifest debug@~4.3.4
103 silly packumentCache full:https://registry.npmjs.org/debug cache-miss
104 silly fetch manifest ws@~8.17.1
105 silly packumentCache full:https://registry.npmjs.org/ws cache-miss
106 http fetch GET 200 https://registry.npmjs.org/ws 62ms (cache hit)
107 silly packumentCache full:https://registry.npmjs.org/ws set size:403597 disposed:false
108 silly fetch manifest debug@~4.3.1
109 silly packumentCache full:https://registry.npmjs.org/debug cache-miss
110 http fetch GET 200 https://registry.npmjs.org/cookie 87ms (cache hit)
111 silly packumentCache full:https://registry.npmjs.org/cookie set size:67120 disposed:false
112 silly fetch manifest @socket.io/component-emitter@~3.1.0
113 silly packumentCache full:https://registry.npmjs.org/@socket.io%2fcomponent-emitter cache-miss
114 http fetch GET 200 https://registry.npmjs.org/debug 91ms (cache hit)
115 silly packumentCache full:https://registry.npmjs.org/debug set size:191331 disposed:false
116 http fetch GET 200 https://registry.npmjs.org/debug 99ms (cache hit)
117 silly packumentCache full:https://registry.npmjs.org/debug set size:191331 disposed:false
118 silly packumentCache full:https://registry.npmjs.org/debug dispose
119 http fetch GET 200 https://registry.npmjs.org/ws 109ms (cache hit)
120 silly packumentCache full:https://registry.npmjs.org/ws set size:403597 disposed:false
121 silly packumentCache full:https://registry.npmjs.org/ws dispose
122 http fetch GET 200 https://registry.npmjs.org/ms 123ms (cache hit)
123 silly packumentCache full:https://registry.npmjs.org/ms set size:84836 disposed:false
124 http fetch GET 200 https://registry.npmjs.org/object-assign 203ms (cache miss)
125 silly packumentCache full:https://registry.npmjs.org/object-assign set size:undefined disposed:false
126 http fetch GET 200 https://registry.npmjs.org/@types%2fcors 221ms (cache miss)
127 silly packumentCache full:https://registry.npmjs.org/@types%2fcors set size:undefined disposed:false
128 http fetch GET 200 https://registry.npmjs.org/debug 147ms (cache hit)
129 silly packumentCache full:https://registry.npmjs.org/debug set size:191331 disposed:true
130 silly packumentCache full:https://registry.npmjs.org/debug dispose
131 http fetch GET 200 https://registry.npmjs.org/@types%2fcookie 235ms (cache miss)
132 silly packumentCache full:https://registry.npmjs.org/@types%2fcookie set size:undefined disposed:false
133 http fetch GET 200 https://registry.npmjs.org/engine.io-parser 247ms (cache miss)
134 silly packumentCache full:https://registry.npmjs.org/engine.io-parser set size:undefined disposed:false
135 http fetch GET 200 https://registry.npmjs.org/@socket.io%2fcomponent-emitter 257ms (cache miss)
136 silly packumentCache full:https://registry.npmjs.org/@socket.io%2fcomponent-emitter set size:undefined disposed:false
137 http fetch GET 200 https://registry.npmjs.org/@types%2fnode 453ms (cache miss)
138 silly packumentCache full:https://registry.npmjs.org/@types%2fnode set size:undefined disposed:false
139 silly placeDep ROOT object-assign@4.1.1 OK for: cors@2.8.5 want: ^4
140 silly fetch manifest bufferutil@^4.0.1
141 silly packumentCache full:https://registry.npmjs.org/bufferutil cache-miss
142 http fetch GET 200 https://registry.npmjs.org/bufferutil 26ms (cache hit)
143 silly packumentCache full:https://registry.npmjs.org/bufferutil set size:51033 disposed:false
144 silly fetch manifest utf-8-validate@>=5.0.2
145 silly packumentCache full:https://registry.npmjs.org/utf-8-validate cache-miss
146 http fetch GET 200 https://registry.npmjs.org/utf-8-validate 23ms (cache hit)
147 silly packumentCache full:https://registry.npmjs.org/utf-8-validate set size:75205 disposed:false
148 silly placeDep ROOT @types/cookie@0.4.1 OK for: engine.io@6.6.2 want: ^0.4.1
149 silly placeDep ROOT @types/cors@2.8.17 OK for: engine.io@6.6.2 want: ^2.8.12
150 silly placeDep ROOT @types/node@22.10.5 OK for: engine.io@6.6.2 want: >=10.0.0
151 silly placeDep node_modules/engine.io cookie@0.7.2 OK for: engine.io@6.6.2 want: ~0.7.2
152 silly placeDep node_modules/engine.io debug@4.3.7 OK for: engine.io@6.6.2 want: ~4.3.1
153 silly placeDep ROOT engine.io-parser@5.2.3 OK for: engine.io@6.6.2 want: ~5.2.1
154 silly placeDep node_modules/engine.io ws@8.17.1 OK for: engine.io@6.6.2 want: ~8.17.1
155 silly placeDep node_modules/engine.io bufferutil@4.0.9 OK for: ws@8.17.1 want: ^4.0.1
156 silly placeDep node_modules/engine.io utf-8-validate@6.0.5 OK for: ws@8.17.1 want: >=5.0.2
157 silly fetch manifest @types/node@*
158 silly packumentCache full:https://registry.npmjs.org/@types%2fnode cache-miss
159 silly fetch manifest undici-types@~6.20.0
160 silly packumentCache full:https://registry.npmjs.org/undici-types cache-miss
161 silly fetch manifest node-gyp-build@^4.3.0
162 silly packumentCache full:https://registry.npmjs.org/node-gyp-build cache-miss
163 silly fetch manifest node-gyp-build@^4.3.0
164 silly packumentCache full:https://registry.npmjs.org/node-gyp-build cache-miss
165 http fetch GET 200 https://registry.npmjs.org/node-gyp-build 74ms (cache miss)
166 silly packumentCache full:https://registry.npmjs.org/node-gyp-build set size:undefined disposed:false
167 http fetch GET 200 https://registry.npmjs.org/@types%2fnode 95ms (cache hit)
168 silly packumentCache full:https://registry.npmjs.org/@types%2fnode set size:9504952 disposed:false
169 http fetch GET 200 https://registry.npmjs.org/node-gyp-build 173ms (cache miss)
170 silly packumentCache full:https://registry.npmjs.org/node-gyp-build set size:undefined disposed:false
171 http fetch GET 200 https://registry.npmjs.org/undici-types 176ms (cache miss)
172 silly packumentCache full:https://registry.npmjs.org/undici-types set size:undefined disposed:false
173 silly placeDep ROOT undici-types@6.20.0 OK for: @types/node@22.10.5 want: ~6.20.0
174 silly placeDep node_modules/socket.io-adapter debug@4.3.7 OK for: socket.io-adapter@2.5.5 want: ~4.3.4
175 silly placeDep node_modules/socket.io-adapter ws@8.17.1 OK for: socket.io-adapter@2.5.5 want: ~8.17.1
176 silly placeDep node_modules/socket.io-adapter bufferutil@4.0.9 OK for: ws@8.17.1 want: ^4.0.1
177 silly placeDep node_modules/socket.io-adapter utf-8-validate@6.0.5 OK for: ws@8.17.1 want: >=5.0.2
178 silly placeDep ROOT @socket.io/component-emitter@3.1.2 OK for: socket.io-parser@4.2.4 want: ~3.1.0
179 silly placeDep node_modules/socket.io-parser debug@4.3.7 OK for: socket.io-parser@4.2.4 want: ~4.3.1
180 silly placeDep ROOT node-gyp-build@4.8.4 OK for: bufferutil@4.0.9 want: ^4.3.0
181 silly placeDep node_modules/engine.io ms@2.1.3 OK for: debug@4.3.7 want: ^2.1.3
182 silly placeDep node_modules/socket.io-adapter ms@2.1.3 OK for: debug@4.3.7 want: ^2.1.3
183 silly placeDep node_modules/socket.io-parser ms@2.1.3 OK for: debug@4.3.7 want: ^2.1.3
184 silly placeDep node_modules/socket.io ms@2.1.3 OK for: debug@4.3.7 want: ^2.1.3
185 silly reify moves {}
186 silly tarball no local data for undici-types@https://registry.npmjs.org/undici-types/-/undici-types-6.20.0.tgz. Extracting by manifest.
187 silly tarball no local data for node-gyp-build@https://registry.npmjs.org/node-gyp-build/-/node-gyp-build-4.8.4.tgz. Extracting by manifest.
188 silly tarball no local data for engine.io-parser@https://registry.npmjs.org/engine.io-parser/-/engine.io-parser-5.2.3.tgz. Extracting by manifest.
189 silly tarball no local data for @types/node@https://registry.npmjs.org/@types/node/-/node-22.10.5.tgz. Extracting by manifest.
190 silly tarball no local data for @socket.io/component-emitter@https://registry.npmjs.org/@socket.io/component-emitter/-/component-emitter-3.1.2.tgz. Extracting by manifest.
191 silly tarball no local data for object-assign@https://registry.npmjs.org/object-assign/-/object-assign-4.1.1.tgz. Extracting by manifest.
192 silly tarball no local data for socket.io-adapter@https://registry.npmjs.org/socket.io-adapter/-/socket.io-adapter-2.5.5.tgz. Extracting by manifest.
193 silly tarball no local data for @types/cookie@https://registry.npmjs.org/@types/cookie/-/cookie-0.4.1.tgz. Extracting by manifest.
194 silly tarball no local data for socket.io-parser@https://registry.npmjs.org/socket.io-parser/-/socket.io-parser-4.2.4.tgz. Extracting by manifest.
195 silly tarball no local data for engine.io@https://registry.npmjs.org/engine.io/-/engine.io-6.6.2.tgz. Extracting by manifest.
196 silly tarball no local data for cors@https://registry.npmjs.org/cors/-/cors-2.8.5.tgz. Extracting by manifest.
197 silly tarball no local data for @types/cors@https://registry.npmjs.org/@types/cors/-/cors-2.8.17.tgz. Extracting by manifest.
198 silly tarball no local data for jquery@https://registry.npmjs.org/jquery/-/jquery-3.7.1.tgz. Extracting by manifest.
199 silly tarball no local data for on-headers@https://registry.npmjs.org/on-headers/-/on-headers-1.0.2.tgz. Extracting by manifest.
200 silly tarball no local data for base64id@https://registry.npmjs.org/base64id/-/base64id-2.0.0.tgz. Extracting by manifest.
201 silly tarball no local data for node-red-dashboard@https://registry.npmjs.org/node-red-dashboard/-/node-red-dashboard-3.6.5.tgz. Extracting by manifest.
202 silly tarball no local data for socket.io@https://registry.npmjs.org/socket.io/-/socket.io-4.8.1.tgz. Extracting by manifest.
203 silly tarball no local data for gridstack@https://registry.npmjs.org/gridstack/-/gridstack-0.6.4.tgz. Extracting by manifest.
204 silly tarball no local data for compressible@https://registry.npmjs.org/compressible/-/compressible-2.0.18.tgz. Extracting by manifest.
205 silly tarball no local data for compression@https://registry.npmjs.org/compression/-/compression-1.7.5.tgz. Extracting by manifest.
206 silly tarball no local data for utf-8-validate@https://registry.npmjs.org/utf-8-validate/-/utf-8-validate-6.0.5.tgz. Extracting by manifest.
207 silly tarball no local data for ws@https://registry.npmjs.org/ws/-/ws-8.17.1.tgz. Extracting by manifest.
208 silly tarball no local data for debug@https://registry.npmjs.org/debug/-/debug-4.3.7.tgz. Extracting by manifest.
209 silly tarball no local data for bufferutil@https://registry.npmjs.org/bufferutil/-/bufferutil-4.0.9.tgz. Extracting by manifest.
210 silly tarball no local data for utf-8-validate@https://registry.npmjs.org/utf-8-validate/-/utf-8-validate-6.0.5.tgz. Extracting by manifest.
211 silly tarball no local data for bufferutil@https://registry.npmjs.org/bufferutil/-/bufferutil-4.0.9.tgz. Extracting by manifest.
212 silly tarball no local data for ws@https://registry.npmjs.org/ws/-/ws-8.17.1.tgz. Extracting by manifest.
213 silly tarball no local data for debug@https://registry.npmjs.org/debug/-/debug-4.3.7.tgz. Extracting by manifest.
214 silly tarball no local data for cookie@https://registry.npmjs.org/cookie/-/cookie-0.7.2.tgz. Extracting by manifest.
215 silly tarball no local data for debug@https://registry.npmjs.org/debug/-/debug-4.3.7.tgz. Extracting by manifest.
216 silly tarball no local data for debug@https://registry.npmjs.org/debug/-/debug-4.3.7.tgz. Extracting by manifest.
217 silly tarball no local data for negotiator@https://registry.npmjs.org/negotiator/-/negotiator-0.6.4.tgz. Extracting by manifest.
218 http fetch GET 200 https://registry.npmjs.org/object-assign/-/object-assign-4.1.1.tgz 790ms (cache miss)
219 http fetch GET 200 https://registry.npmjs.org/@types/cookie/-/cookie-0.4.1.tgz 907ms (cache miss)
220 http fetch GET 200 https://registry.npmjs.org/compressible/-/compressible-2.0.18.tgz 900ms (cache miss)
221 http fetch GET 200 https://registry.npmjs.org/compression/-/compression-1.7.5.tgz 921ms (cache miss)
222 http fetch GET 200 https://registry.npmjs.org/node-gyp-build/-/node-gyp-build-4.8.4.tgz 949ms (cache miss)
223 http fetch GET 200 https://registry.npmjs.org/@socket.io/component-emitter/-/component-emitter-3.1.2.tgz 965ms (cache miss)
224 http fetch GET 200 https://registry.npmjs.org/socket.io-adapter/-/socket.io-adapter-2.5.5.tgz 984ms (cache miss)
225 http fetch GET 200 https://registry.npmjs.org/@types/cors/-/cors-2.8.17.tgz 993ms (cache miss)
226 http fetch GET 200 https://registry.npmjs.org/debug/-/debug-4.3.7.tgz 1011ms (cache miss)
227 http fetch GET 200 https://registry.npmjs.org/base64id/-/base64id-2.0.0.tgz 1046ms (cache miss)
228 http fetch GET 200 https://registry.npmjs.org/on-headers/-/on-headers-1.0.2.tgz 1051ms (cache miss)
229 http fetch GET 200 https://registry.npmjs.org/cors/-/cors-2.8.5.tgz 1081ms (cache miss)
230 http fetch GET 200 https://registry.npmjs.org/negotiator/-/negotiator-0.6.4.tgz 1209ms (cache miss)
231 http fetch GET 200 https://registry.npmjs.org/cookie/-/cookie-0.7.2.tgz 1246ms (cache miss)
232 http fetch GET 200 https://registry.npmjs.org/socket.io-parser/-/socket.io-parser-4.2.4.tgz 1312ms (cache miss)
233 http fetch GET 200 https://registry.npmjs.org/debug/-/debug-4.3.7.tgz 1306ms (cache miss)
234 http fetch GET 200 https://registry.npmjs.org/debug/-/debug-4.3.7.tgz 1315ms (cache miss)
235 http fetch GET 200 https://registry.npmjs.org/debug/-/debug-4.3.7.tgz 1338ms (cache miss)
236 http fetch GET 200 https://registry.npmjs.org/ws/-/ws-8.17.1.tgz 1388ms (cache miss)
237 http fetch GET 200 https://registry.npmjs.org/ws/-/ws-8.17.1.tgz 1386ms (cache miss)
238 http fetch GET 200 https://registry.npmjs.org/engine.io-parser/-/engine.io-parser-5.2.3.tgz 1586ms (cache miss)
239 http fetch GET 200 https://registry.npmjs.org/undici-types/-/undici-types-6.20.0.tgz 1695ms (cache miss)
240 http fetch GET 200 https://registry.npmjs.org/bufferutil/-/bufferutil-4.0.9.tgz 1714ms (cache miss)
241 http fetch GET 200 https://registry.npmjs.org/bufferutil/-/bufferutil-4.0.9.tgz 1958ms (cache miss)
242 http fetch GET 200 https://registry.npmjs.org/engine.io/-/engine.io-6.6.2.tgz 2034ms (cache miss)
243 http fetch GET 200 https://registry.npmjs.org/gridstack/-/gridstack-0.6.4.tgz 2083ms (cache miss)
244 http fetch GET 200 https://registry.npmjs.org/utf-8-validate/-/utf-8-validate-6.0.5.tgz 2179ms (cache miss)
245 http fetch GET 200 https://registry.npmjs.org/utf-8-validate/-/utf-8-validate-6.0.5.tgz 2191ms (cache miss)
246 http fetch GET 200 https://registry.npmjs.org/socket.io/-/socket.io-4.8.1.tgz 2344ms (cache miss)
247 http fetch GET 200 https://registry.npmjs.org/@types/node/-/node-22.10.5.tgz 3140ms (cache miss)
248 http fetch GET 200 https://registry.npmjs.org/jquery/-/jquery-3.7.1.tgz 3487ms (cache miss)
249 http fetch GET 200 https://registry.npmjs.org/node-red-dashboard/-/node-red-dashboard-3.6.5.tgz 3673ms (cache miss)
250 info run bufferutil@1.2.1 install node_modules/bufferutil node-gyp rebuild
251 info run utf-8-validate@1.2.2 install node_modules/utf-8-validate node-gyp rebuild
252 info run bufferutil@4.0.9 install node_modules/engine.io/node_modules/bufferutil node-gyp-build
253 info run utf-8-validate@6.0.5 install node_modules/engine.io/node_modules/utf-8-validate node-gyp-build
254 info run bufferutil@4.0.9 install node_modules/socket.io-adapter/node_modules/bufferutil node-gyp-build
255 info run utf-8-validate@6.0.5 install node_modules/socket.io-adapter/node_modules/utf-8-validate node-gyp-build
256 info run utf-8-validate@6.0.5 install { code: 0, signal: null }
257 info run bufferutil@4.0.9 install { code: 0, signal: null }
258 info run bufferutil@4.0.9 install { code: 0, signal: null }
259 info run utf-8-validate@6.0.5 install { code: 0, signal: null }
260 info run bufferutil@1.2.1 install { code: 1, signal: null }
261 verbose reify failed optional dependency /data/node_modules/bufferutil
262 silly reify mark deleted [ '/data/node_modules/bufferutil' ]
263 verbose reify failed optional dependency /data/node_modules/nan
264 silly reify mark deleted [ '/data/node_modules/nan' ]
265 info run utf-8-validate@1.2.2 install { code: 1, signal: null }
266 verbose reify failed optional dependency /data/node_modules/utf-8-validate
267 silly reify mark deleted [ '/data/node_modules/utf-8-validate' ]
268 verbose reify failed optional dependency /data/node_modules/utf-8-validate/node_modules/nan
269 silly reify mark deleted [ '/data/node_modules/utf-8-validate/node_modules/nan' ]
270 info run node-red-dashboard@3.6.5 postinstall node_modules/node-red-dashboard node fixgrid.js
271 info run node-red-dashboard@3.6.5 postinstall { code: 0, signal: null }
272 silly ADD node_modules/node-gyp-build
273 silly ADD node_modules/@socket.io/component-emitter
274 silly ADD node_modules/undici-types
275 silly ADD node_modules/engine.io-parser
276 silly ADD node_modules/@types/node
277 silly ADD node_modules/@types/cors
278 silly ADD node_modules/@types/cookie
279 silly ADD node_modules/object-assign
280 silly ADD node_modules/socket.io-parser
281 silly ADD node_modules/socket.io-parser/node_modules/ms
282 silly ADD node_modules/socket.io-parser/node_modules/debug
283 silly ADD node_modules/socket.io-adapter
284 silly ADD node_modules/socket.io-adapter/node_modules/ms
285 silly ADD node_modules/socket.io-adapter/node_modules/utf-8-validate
286 silly ADD node_modules/socket.io-adapter/node_modules/bufferutil
287 silly ADD node_modules/socket.io-adapter/node_modules/ws
288 silly ADD node_modules/socket.io-adapter/node_modules/debug
289 silly ADD node_modules/engine.io
290 silly ADD node_modules/engine.io/node_modules/ms
291 silly ADD node_modules/engine.io/node_modules/utf-8-validate
292 silly ADD node_modules/engine.io/node_modules/bufferutil
293 silly ADD node_modules/engine.io/node_modules/ws
294 silly ADD node_modules/engine.io/node_modules/debug
295 silly ADD node_modules/engine.io/node_modules/cookie
296 silly ADD node_modules/cors
297 silly ADD node_modules/base64id
298 silly ADD node_modules/jquery
299 silly ADD node_modules/on-headers
300 silly ADD node_modules/compressible
301 silly ADD node_modules/socket.io
302 silly ADD node_modules/socket.io/node_modules/ms
303 silly ADD node_modules/socket.io/node_modules/debug
304 silly ADD node_modules/gridstack
305 silly ADD node_modules/compression
306 silly ADD node_modules/compression/node_modules/negotiator
307 silly ADD node_modules/node-red-dashboard
308 silly ADD
309 silly ADD node_modules/nan
310 silly ADD
311 silly ADD
312 verbose cwd /data
313 verbose os Linux 5.15.153.1-microsoft-standard-WSL2
314 verbose node v20.18.0
315 verbose npm  v10.8.2
316 verbose exit 0
317 info ok
