0 verbose cli /usr/local/bin/node /usr/local/bin/npm
1 info using npm@10.8.2
2 info using node@v20.18.0
3 silly config load:file:/usr/local/lib/node_modules/npm/npmrc
4 silly config load:file:/data/.npmrc
5 silly config load:file:/usr/src/node-red/.npmrc
6 silly config load:file:/usr/local/etc/npmrc
7 verbose title npm install node-red-contrib-graphs@0.3.5
8 verbose argv "install" "--no-audit" "--no-update-notifier" "--no-fund" "--save" "--save-prefix" "~" "--omit" "dev" "--engine-strict" "node-red-contrib-graphs@0.3.5"
9 verbose logfile logs-max:10 dir:/data/.npm/_logs/2025-01-06T20_17_33_175Z-
10 verbose logfile /data/.npm/_logs/2025-01-06T20_17_33_175Z-debug-0.log
11 silly packumentCache heap:4345298944 maxSize:1086324736 maxEntrySize:543162368
12 silly logfile done cleaning log files
13 silly idealTree buildDeps
14 silly fetch manifest node-red-contrib-graphs@0.3.5
15 silly packumentCache full:https://registry.npmjs.org/node-red-contrib-graphs cache-miss
16 http fetch GET 200 https://registry.npmjs.org/node-red-contrib-graphs 758ms (cache miss)
17 silly packumentCache full:https://registry.npmjs.org/node-red-contrib-graphs set size:undefined disposed:false
18 silly placeDep ROOT node-red-contrib-graphs@0.3.5 OK for: node-red-project@0.0.1 want: 0.3.5
19 silly fetch manifest express@^4.13.1
20 silly packumentCache full:https://registry.npmjs.org/express cache-miss
21 silly fetch manifest mustache@^2.1.3
22 silly packumentCache full:https://registry.npmjs.org/mustache cache-miss
23 silly fetch manifest ws@^0.8.0
24 silly packumentCache full:https://registry.npmjs.org/ws cache-miss
25 http fetch GET 200 https://registry.npmjs.org/ws 131ms (cache miss)
26 silly packumentCache full:https://registry.npmjs.org/ws set size:undefined disposed:false
27 http fetch GET 200 https://registry.npmjs.org/mustache 151ms (cache miss)
28 silly packumentCache full:https://registry.npmjs.org/mustache set size:undefined disposed:false
29 http fetch GET 200 https://registry.npmjs.org/express 167ms (cache miss)
30 silly packumentCache full:https://registry.npmjs.org/express set size:undefined disposed:false
31 silly placeDep ROOT express@4.21.2 OK for: node-red-contrib-graphs@0.3.5 want: ^4.13.1
32 silly placeDep ROOT mustache@2.3.2 OK for: node-red-contrib-graphs@0.3.5 want: ^2.1.3
33 silly placeDep ROOT ws@0.8.1 OK for: node-red-contrib-graphs@0.3.5 want: ^0.8.0
34 silly fetch manifest qs@6.13.0
35 silly packumentCache full:https://registry.npmjs.org/qs cache-miss
36 silly fetch manifest depd@2.0.0
37 silly packumentCache full:https://registry.npmjs.org/depd cache-miss
38 silly fetch manifest etag@~1.8.1
39 silly packumentCache full:https://registry.npmjs.org/etag cache-miss
40 silly fetch manifest send@0.19.0
41 silly packumentCache full:https://registry.npmjs.org/send cache-miss
42 silly fetch manifest vary@~1.1.2
43 silly packumentCache full:https://registry.npmjs.org/vary cache-miss
44 silly fetch manifest fresh@0.5.2
45 silly packumentCache full:https://registry.npmjs.org/fresh cache-miss
46 silly fetch manifest cookie@0.7.1
47 silly packumentCache full:https://registry.npmjs.org/cookie cache-miss
48 silly fetch manifest accepts@~1.3.8
49 silly packumentCache full:https://registry.npmjs.org/accepts cache-miss
50 silly fetch manifest methods@~1.1.2
51 silly packumentCache full:https://registry.npmjs.org/methods cache-miss
52 silly fetch manifest type-is@~1.6.18
53 silly packumentCache full:https://registry.npmjs.org/type-is cache-miss
54 silly fetch manifest parseurl@~1.3.3
55 silly packumentCache full:https://registry.npmjs.org/parseurl cache-miss
56 http fetch GET 200 https://registry.npmjs.org/depd 112ms (cache miss)
57 silly packumentCache full:https://registry.npmjs.org/depd set size:undefined disposed:false
58 silly fetch manifest statuses@2.0.1
59 silly packumentCache full:https://registry.npmjs.org/statuses cache-miss
60 http fetch GET 200 https://registry.npmjs.org/etag 121ms (cache miss)
61 silly packumentCache full:https://registry.npmjs.org/etag set size:undefined disposed:false
62 silly fetch manifest encodeurl@~2.0.0
63 silly packumentCache full:https://registry.npmjs.org/encodeurl cache-miss
64 http fetch GET 200 https://registry.npmjs.org/vary 144ms (cache miss)
65 silly packumentCache full:https://registry.npmjs.org/vary set size:undefined disposed:false
66 silly fetch manifest proxy-addr@~2.0.7
67 silly packumentCache full:https://registry.npmjs.org/proxy-addr cache-miss
68 http fetch GET 200 https://registry.npmjs.org/methods 164ms (cache miss)
69 silly packumentCache full:https://registry.npmjs.org/methods set size:undefined disposed:false
70 silly fetch manifest body-parser@1.20.3
71 silly packumentCache full:https://registry.npmjs.org/body-parser cache-miss
72 http fetch GET 200 https://registry.npmjs.org/cookie 172ms (cache miss)
73 silly packumentCache full:https://registry.npmjs.org/cookie set size:undefined disposed:false
74 silly fetch manifest escape-html@~1.0.3
75 silly packumentCache full:https://registry.npmjs.org/escape-html cache-miss
76 http fetch GET 200 https://registry.npmjs.org/send 177ms (cache miss)
77 silly packumentCache full:https://registry.npmjs.org/send set size:undefined disposed:false
78 silly fetch manifest http-errors@2.0.0
79 silly packumentCache full:https://registry.npmjs.org/http-errors cache-miss
80 http fetch GET 200 https://registry.npmjs.org/fresh 205ms (cache miss)
81 silly packumentCache full:https://registry.npmjs.org/fresh set size:undefined disposed:false
82 silly fetch manifest on-finished@2.4.1
83 silly packumentCache full:https://registry.npmjs.org/on-finished cache-miss
84 http fetch GET 200 https://registry.npmjs.org/qs 220ms (cache miss)
85 silly packumentCache full:https://registry.npmjs.org/qs set size:undefined disposed:false
86 silly fetch manifest utils-merge@1.0.1
87 silly packumentCache full:https://registry.npmjs.org/utils-merge cache-miss
88 http fetch GET 200 https://registry.npmjs.org/type-is 236ms (cache miss)
89 silly packumentCache full:https://registry.npmjs.org/type-is set size:undefined disposed:false
90 silly fetch manifest content-type@~1.0.4
91 silly packumentCache full:https://registry.npmjs.org/content-type cache-miss
92 http fetch GET 200 https://registry.npmjs.org/encodeurl 125ms (cache miss)
93 silly packumentCache full:https://registry.npmjs.org/encodeurl set size:undefined disposed:false
94 silly fetch manifest finalhandler@1.3.1
95 silly packumentCache full:https://registry.npmjs.org/finalhandler cache-miss
96 http fetch GET 200 https://registry.npmjs.org/parseurl 285ms (cache miss)
97 silly packumentCache full:https://registry.npmjs.org/parseurl set size:undefined disposed:false
98 silly fetch manifest range-parser@~1.2.1
99 silly packumentCache full:https://registry.npmjs.org/range-parser cache-miss
100 http fetch GET 200 https://registry.npmjs.org/proxy-addr 148ms (cache miss)
101 silly packumentCache full:https://registry.npmjs.org/proxy-addr set size:undefined disposed:false
102 silly fetch manifest serve-static@1.16.2
103 silly packumentCache full:https://registry.npmjs.org/serve-static cache-miss
104 http fetch GET 200 https://registry.npmjs.org/body-parser 132ms (cache miss)
105 silly packumentCache full:https://registry.npmjs.org/body-parser set size:undefined disposed:false
106 silly fetch manifest array-flatten@1.1.1
107 silly packumentCache full:https://registry.npmjs.org/array-flatten cache-miss
108 http fetch GET 200 https://registry.npmjs.org/accepts 306ms (cache miss)
109 silly packumentCache full:https://registry.npmjs.org/accepts set size:undefined disposed:false
110 silly fetch manifest path-to-regexp@0.1.12
111 silly packumentCache full:https://registry.npmjs.org/path-to-regexp cache-miss
112 http fetch GET 200 https://registry.npmjs.org/statuses 208ms (cache miss)
113 silly packumentCache full:https://registry.npmjs.org/statuses set size:undefined disposed:false
114 silly fetch manifest setprototypeof@1.2.0
115 silly packumentCache full:https://registry.npmjs.org/setprototypeof cache-miss
116 http fetch GET 200 https://registry.npmjs.org/escape-html 160ms (cache miss)
117 silly packumentCache full:https://registry.npmjs.org/escape-html set size:undefined disposed:false
118 silly fetch manifest cookie-signature@1.0.6
119 silly packumentCache full:https://registry.npmjs.org/cookie-signature cache-miss
120 http fetch GET 200 https://registry.npmjs.org/http-errors 165ms (cache miss)
121 silly packumentCache full:https://registry.npmjs.org/http-errors set size:undefined disposed:false
122 silly fetch manifest merge-descriptors@1.0.3
123 silly packumentCache full:https://registry.npmjs.org/merge-descriptors cache-miss
124 http fetch GET 200 https://registry.npmjs.org/utils-merge 131ms (cache miss)
125 silly packumentCache full:https://registry.npmjs.org/utils-merge set size:undefined disposed:false
126 silly fetch manifest content-disposition@0.5.4
127 silly packumentCache full:https://registry.npmjs.org/content-disposition cache-miss
128 http fetch GET 200 https://registry.npmjs.org/on-finished 147ms (cache miss)
129 silly packumentCache full:https://registry.npmjs.org/on-finished set size:undefined disposed:false
130 silly fetch manifest ultron@1.0.x
131 silly packumentCache full:https://registry.npmjs.org/ultron cache-miss
132 http fetch GET 200 https://registry.npmjs.org/finalhandler 136ms (cache miss)
133 silly packumentCache full:https://registry.npmjs.org/finalhandler set size:undefined disposed:false
134 silly fetch manifest options@>=0.0.5
135 silly packumentCache full:https://registry.npmjs.org/options cache-miss
136 http fetch GET 200 https://registry.npmjs.org/content-type 149ms (cache miss)
137 silly packumentCache full:https://registry.npmjs.org/content-type set size:undefined disposed:false
138 silly fetch manifest bufferutil@1.2.x
139 silly packumentCache full:https://registry.npmjs.org/bufferutil cache-miss
140 http fetch GET 200 https://registry.npmjs.org/serve-static 113ms (cache miss)
141 silly packumentCache full:https://registry.npmjs.org/serve-static set size:undefined disposed:false
142 silly fetch manifest utf-8-validate@1.2.x
143 silly packumentCache full:https://registry.npmjs.org/utf-8-validate cache-miss
144 http fetch GET 200 https://registry.npmjs.org/array-flatten 121ms (cache miss)
145 silly packumentCache full:https://registry.npmjs.org/array-flatten set size:undefined disposed:false
146 http fetch GET 200 https://registry.npmjs.org/merge-descriptors 119ms (cache miss)
147 silly packumentCache full:https://registry.npmjs.org/merge-descriptors set size:undefined disposed:false
148 http fetch GET 200 https://registry.npmjs.org/bufferutil 94ms (cache miss)
149 silly packumentCache full:https://registry.npmjs.org/bufferutil set size:undefined disposed:false
150 http fetch GET 200 https://registry.npmjs.org/utf-8-validate 94ms (cache miss)
151 silly packumentCache full:https://registry.npmjs.org/utf-8-validate set size:undefined disposed:false
152 http fetch GET 200 https://registry.npmjs.org/ultron 152ms (cache miss)
153 silly packumentCache full:https://registry.npmjs.org/ultron set size:undefined disposed:false
154 http fetch GET 200 https://registry.npmjs.org/cookie-signature 177ms (cache miss)
155 silly packumentCache full:https://registry.npmjs.org/cookie-signature set size:undefined disposed:false
156 http fetch GET 200 https://registry.npmjs.org/content-disposition 167ms (cache miss)
157 silly packumentCache full:https://registry.npmjs.org/content-disposition set size:undefined disposed:false
158 http fetch GET 200 https://registry.npmjs.org/options 138ms (cache miss)
159 silly packumentCache full:https://registry.npmjs.org/options set size:undefined disposed:false
160 http fetch GET 200 https://registry.npmjs.org/setprototypeof 204ms (cache miss)
161 silly packumentCache full:https://registry.npmjs.org/setprototypeof set size:undefined disposed:false
162 http fetch GET 200 https://registry.npmjs.org/path-to-regexp 218ms (cache miss)
163 silly packumentCache full:https://registry.npmjs.org/path-to-regexp set size:undefined disposed:false
164 http fetch GET 200 https://registry.npmjs.org/range-parser 649ms (cache miss)
165 silly packumentCache full:https://registry.npmjs.org/range-parser set size:undefined disposed:false
166 silly placeDep ROOT accepts@1.3.8 OK for: express@4.21.2 want: ~1.3.8
167 silly placeDep ROOT array-flatten@1.1.1 OK for: express@4.21.2 want: 1.1.1
168 silly placeDep ROOT body-parser@1.20.3 OK for: express@4.21.2 want: 1.20.3
169 silly placeDep ROOT content-disposition@0.5.4 OK for: express@4.21.2 want: 0.5.4
170 silly placeDep ROOT content-type@1.0.5 OK for: express@4.21.2 want: ~1.0.4
171 silly placeDep ROOT cookie@0.7.1 OK for: express@4.21.2 want: 0.7.1
172 silly placeDep ROOT cookie-signature@1.0.6 OK for: express@4.21.2 want: 1.0.6
173 silly placeDep ROOT depd@2.0.0 OK for: express@4.21.2 want: 2.0.0
174 silly placeDep ROOT encodeurl@2.0.0 OK for: express@4.21.2 want: ~2.0.0
175 silly placeDep ROOT escape-html@1.0.3 OK for: express@4.21.2 want: ~1.0.3
176 silly placeDep ROOT etag@1.8.1 OK for: express@4.21.2 want: ~1.8.1
177 silly placeDep ROOT finalhandler@1.3.1 OK for: express@4.21.2 want: 1.3.1
178 silly placeDep ROOT fresh@0.5.2 OK for: express@4.21.2 want: 0.5.2
179 silly placeDep ROOT http-errors@2.0.0 OK for: express@4.21.2 want: 2.0.0
180 silly placeDep ROOT merge-descriptors@1.0.3 OK for: express@4.21.2 want: 1.0.3
181 silly placeDep ROOT methods@1.1.2 OK for: express@4.21.2 want: ~1.1.2
182 silly placeDep ROOT on-finished@2.4.1 OK for: express@4.21.2 want: 2.4.1
183 silly placeDep ROOT parseurl@1.3.3 OK for: express@4.21.2 want: ~1.3.3
184 silly placeDep ROOT path-to-regexp@0.1.12 OK for: express@4.21.2 want: 0.1.12
185 silly placeDep ROOT proxy-addr@2.0.7 OK for: express@4.21.2 want: ~2.0.7
186 silly placeDep ROOT qs@6.13.0 OK for: express@4.21.2 want: 6.13.0
187 silly placeDep ROOT range-parser@1.2.1 OK for: express@4.21.2 want: ~1.2.1
188 silly placeDep ROOT send@0.19.0 OK for: express@4.21.2 want: 0.19.0
189 silly placeDep ROOT serve-static@1.16.2 OK for: express@4.21.2 want: 1.16.2
190 silly placeDep ROOT setprototypeof@1.2.0 OK for: express@4.21.2 want: 1.2.0
191 silly placeDep ROOT statuses@2.0.1 OK for: express@4.21.2 want: 2.0.1
192 silly placeDep ROOT type-is@1.6.18 OK for: express@4.21.2 want: ~1.6.18
193 silly placeDep ROOT utils-merge@1.0.1 OK for: express@4.21.2 want: 1.0.1
194 silly placeDep ROOT vary@1.1.2 OK for: express@4.21.2 want: ~1.1.2
195 silly fetch manifest negotiator@0.6.3
196 silly packumentCache full:https://registry.npmjs.org/negotiator cache-miss
197 silly fetch manifest bytes@3.1.2
198 silly packumentCache full:https://registry.npmjs.org/bytes cache-miss
199 silly fetch manifest unpipe@1.0.0
200 silly packumentCache full:https://registry.npmjs.org/unpipe cache-miss
201 silly fetch manifest destroy@1.2.0
202 silly packumentCache full:https://registry.npmjs.org/destroy cache-miss
203 silly fetch manifest raw-body@2.5.2
204 silly packumentCache full:https://registry.npmjs.org/raw-body cache-miss
205 silly fetch manifest iconv-lite@0.4.24
206 silly packumentCache full:https://registry.npmjs.org/iconv-lite cache-miss
207 silly fetch manifest content-type@~1.0.5
208 silly packumentCache full:https://registry.npmjs.org/content-type cache-miss
209 silly fetch manifest unpipe@~1.0.0
210 silly packumentCache full:https://registry.npmjs.org/unpipe cache-miss
211 silly fetch manifest toidentifier@1.0.1
212 silly packumentCache full:https://registry.npmjs.org/toidentifier cache-miss
213 silly fetch manifest ee-first@1.1.1
214 silly packumentCache full:https://registry.npmjs.org/ee-first cache-miss
215 silly fetch manifest forwarded@0.2.0
216 silly packumentCache full:https://registry.npmjs.org/forwarded cache-miss
217 http fetch GET 200 https://registry.npmjs.org/content-type 32ms (cache hit)
218 silly packumentCache full:https://registry.npmjs.org/content-type set size:17251 disposed:false
219 silly fetch manifest ipaddr.js@1.9.1
220 silly packumentCache full:https://registry.npmjs.org/ipaddr.js cache-miss
221 http fetch GET 200 https://registry.npmjs.org/destroy 127ms (cache miss)
222 silly packumentCache full:https://registry.npmjs.org/destroy set size:undefined disposed:false
223 silly fetch manifest side-channel@^1.0.6
224 silly packumentCache full:https://registry.npmjs.org/side-channel cache-miss
225 http fetch GET 200 https://registry.npmjs.org/forwarded 122ms (cache miss)
226 silly packumentCache full:https://registry.npmjs.org/forwarded set size:undefined disposed:false
227 silly fetch manifest ms@2.1.3
228 silly packumentCache full:https://registry.npmjs.org/ms cache-miss
229 http fetch GET 200 https://registry.npmjs.org/unpipe 132ms (cache miss)
230 silly packumentCache full:https://registry.npmjs.org/unpipe set size:undefined disposed:false
231 silly fetch manifest mime@1.6.0
232 silly packumentCache full:https://registry.npmjs.org/mime cache-miss
233 http fetch GET 200 https://registry.npmjs.org/bytes 136ms (cache miss)
234 silly packumentCache full:https://registry.npmjs.org/bytes set size:undefined disposed:false
235 silly fetch manifest encodeurl@~1.0.2
236 silly packumentCache full:https://registry.npmjs.org/encodeurl cache-miss
237 http fetch GET 200 https://registry.npmjs.org/iconv-lite 136ms (cache miss)
238 silly packumentCache full:https://registry.npmjs.org/iconv-lite set size:undefined disposed:false
239 silly fetch manifest media-typer@0.3.0
240 silly packumentCache full:https://registry.npmjs.org/media-typer cache-miss
241 http fetch GET 200 https://registry.npmjs.org/negotiator 156ms (cache miss)
242 silly packumentCache full:https://registry.npmjs.org/negotiator set size:undefined disposed:false
243 http fetch GET 200 https://registry.npmjs.org/unpipe 154ms (cache miss)
244 silly packumentCache full:https://registry.npmjs.org/unpipe set size:undefined disposed:false
245 http fetch GET 200 https://registry.npmjs.org/encodeurl 44ms (cache hit)
246 silly packumentCache full:https://registry.npmjs.org/encodeurl set size:12296 disposed:false
247 http fetch GET 200 https://registry.npmjs.org/ee-first 181ms (cache miss)
248 silly packumentCache full:https://registry.npmjs.org/ee-first set size:undefined disposed:false
249 http fetch GET 200 https://registry.npmjs.org/raw-body 189ms (cache miss)
250 silly packumentCache full:https://registry.npmjs.org/raw-body set size:undefined disposed:false
251 http fetch GET 200 https://registry.npmjs.org/ipaddr.js 156ms (cache updated)
252 silly packumentCache full:https://registry.npmjs.org/ipaddr.js set size:undefined disposed:false
253 http fetch GET 200 https://registry.npmjs.org/toidentifier 199ms (cache miss)
254 silly packumentCache full:https://registry.npmjs.org/toidentifier set size:undefined disposed:false
255 http fetch GET 200 https://registry.npmjs.org/side-channel 97ms (cache miss)
256 silly packumentCache full:https://registry.npmjs.org/side-channel set size:undefined disposed:false
257 http fetch GET 200 https://registry.npmjs.org/mime 113ms (cache miss)
258 silly packumentCache full:https://registry.npmjs.org/mime set size:undefined disposed:false
259 http fetch GET 200 https://registry.npmjs.org/media-typer 128ms (cache miss)
260 silly packumentCache full:https://registry.npmjs.org/media-typer set size:undefined disposed:false
261 http fetch GET 200 https://registry.npmjs.org/ms 139ms (cache updated)
262 silly packumentCache full:https://registry.npmjs.org/ms set size:undefined disposed:false
263 silly placeDep ROOT negotiator@0.6.3 OK for: accepts@1.3.8 want: 0.6.3
264 silly placeDep ROOT bytes@3.1.2 OK for: body-parser@1.20.3 want: 3.1.2
265 silly placeDep ROOT destroy@1.2.0 OK for: body-parser@1.20.3 want: 1.2.0
266 silly placeDep ROOT iconv-lite@0.4.24 OK for: body-parser@1.20.3 want: 0.4.24
267 silly placeDep ROOT raw-body@2.5.2 OK for: body-parser@1.20.3 want: 2.5.2
268 silly placeDep ROOT unpipe@1.0.0 OK for: body-parser@1.20.3 want: 1.0.0
269 silly fetch manifest safer-buffer@>= 2.1.2 < 3
270 silly packumentCache full:https://registry.npmjs.org/safer-buffer cache-miss
271 http fetch GET 200 https://registry.npmjs.org/safer-buffer 104ms (cache miss)
272 silly packumentCache full:https://registry.npmjs.org/safer-buffer set size:undefined disposed:false
273 silly placeDep ROOT toidentifier@1.0.1 OK for: http-errors@2.0.0 want: 1.0.1
274 silly placeDep ROOT safer-buffer@2.1.2 OK for: iconv-lite@0.4.24 want: >= 2.1.2 < 3
275 silly placeDep ROOT ee-first@1.1.1 OK for: on-finished@2.4.1 want: 1.1.1
276 silly placeDep ROOT forwarded@0.2.0 OK for: proxy-addr@2.0.7 want: 0.2.0
277 silly placeDep node_modules/proxy-addr ipaddr.js@1.9.1 OK for: proxy-addr@2.0.7 want: 1.9.1
278 silly placeDep ROOT side-channel@1.1.0 OK for: qs@6.13.0 want: ^1.0.6
279 silly fetch manifest object-inspect@^1.13.3
280 silly packumentCache full:https://registry.npmjs.org/object-inspect cache-miss
281 silly fetch manifest side-channel-list@^1.0.0
282 silly packumentCache full:https://registry.npmjs.org/side-channel-list cache-miss
283 silly fetch manifest side-channel-map@^1.0.1
284 silly packumentCache full:https://registry.npmjs.org/side-channel-map cache-miss
285 silly fetch manifest side-channel-weakmap@^1.0.2
286 silly packumentCache full:https://registry.npmjs.org/side-channel-weakmap cache-miss
287 http fetch GET 200 https://registry.npmjs.org/side-channel-map 76ms (cache miss)
288 silly packumentCache full:https://registry.npmjs.org/side-channel-map set size:undefined disposed:false
289 http fetch GET 200 https://registry.npmjs.org/side-channel-weakmap 78ms (cache miss)
290 silly packumentCache full:https://registry.npmjs.org/side-channel-weakmap set size:undefined disposed:false
291 http fetch GET 200 https://registry.npmjs.org/side-channel-list 90ms (cache miss)
292 silly packumentCache full:https://registry.npmjs.org/side-channel-list set size:undefined disposed:false
293 http fetch GET 200 https://registry.npmjs.org/object-inspect 94ms (cache miss)
294 silly packumentCache full:https://registry.npmjs.org/object-inspect set size:undefined disposed:false
295 silly placeDep node_modules/send encodeurl@1.0.2 OK for: send@0.19.0 want: ~1.0.2
296 silly placeDep ROOT mime@1.6.0 OK for: send@0.19.0 want: 1.6.0
297 silly placeDep node_modules/send ms@2.1.3 OK for: send@0.19.0 want: 2.1.3
298 silly placeDep ROOT object-inspect@1.13.3 OK for: side-channel@1.1.0 want: ^1.13.3
299 silly placeDep ROOT side-channel-list@1.0.0 OK for: side-channel@1.1.0 want: ^1.0.0
300 silly placeDep ROOT side-channel-map@1.0.1 OK for: side-channel@1.1.0 want: ^1.0.1
301 silly placeDep ROOT side-channel-weakmap@1.0.2 OK for: side-channel@1.1.0 want: ^1.0.2
302 silly placeDep ROOT media-typer@0.3.0 OK for: type-is@1.6.18 want: 0.3.0
303 silly placeDep ROOT bufferutil@1.2.1 OK for: ws@0.8.1 want: 1.2.x
304 silly placeDep ROOT options@0.0.6 OK for: ws@0.8.1 want: >=0.0.5
305 silly placeDep ROOT ultron@1.0.2 OK for: ws@0.8.1 want: 1.0.x
306 silly placeDep ROOT utf-8-validate@1.2.2 OK for: ws@0.8.1 want: 1.2.x
307 silly fetch manifest nan@^2.0.5
308 silly packumentCache full:https://registry.npmjs.org/nan cache-miss
309 silly fetch manifest bindings@1.2.x
310 silly packumentCache full:https://registry.npmjs.org/bindings cache-miss
311 silly fetch manifest nan@~2.4.0
312 silly packumentCache full:https://registry.npmjs.org/nan cache-miss
313 silly fetch manifest bindings@~1.2.1
314 silly packumentCache full:https://registry.npmjs.org/bindings cache-miss
315 http fetch GET 200 https://registry.npmjs.org/bindings 63ms (cache miss)
316 silly packumentCache full:https://registry.npmjs.org/bindings set size:undefined disposed:false
317 http fetch GET 200 https://registry.npmjs.org/bindings 64ms (cache miss)
318 silly packumentCache full:https://registry.npmjs.org/bindings set size:undefined disposed:false
319 http fetch GET 200 https://registry.npmjs.org/nan 110ms (cache miss)
320 silly packumentCache full:https://registry.npmjs.org/nan set size:undefined disposed:false
321 http fetch GET 200 https://registry.npmjs.org/nan 116ms (cache miss)
322 silly packumentCache full:https://registry.npmjs.org/nan set size:undefined disposed:false
323 silly placeDep ROOT bindings@1.2.1 OK for: bufferutil@1.2.1 want: 1.2.x
324 silly placeDep ROOT nan@2.22.0 OK for: bufferutil@1.2.1 want: ^2.0.5
325 silly placeDep node_modules/utf-8-validate nan@2.4.0 OK for: utf-8-validate@1.2.2 want: ~2.4.0
326 silly reify moves {}
327 silly tarball no local data for nan@https://registry.npmjs.org/nan/-/nan-2.22.0.tgz. Extracting by manifest.
328 silly tarball no local data for bindings@https://registry.npmjs.org/bindings/-/bindings-1.2.1.tgz. Extracting by manifest.
329 silly tarball no local data for ultron@https://registry.npmjs.org/ultron/-/ultron-1.0.2.tgz. Extracting by manifest.
330 silly tarball no local data for utf-8-validate@https://registry.npmjs.org/utf-8-validate/-/utf-8-validate-1.2.2.tgz. Extracting by manifest.
331 silly tarball no local data for media-typer@https://registry.npmjs.org/media-typer/-/media-typer-0.3.0.tgz. Extracting by manifest.
332 silly tarball no local data for options@https://registry.npmjs.org/options/-/options-0.0.6.tgz. Extracting by manifest.
333 silly tarball no local data for side-channel-weakmap@https://registry.npmjs.org/side-channel-weakmap/-/side-channel-weakmap-1.0.2.tgz. Extracting by manifest.
334 silly tarball no local data for bufferutil@https://registry.npmjs.org/bufferutil/-/bufferutil-1.2.1.tgz. Extracting by manifest.
335 silly tarball no local data for side-channel-map@https://registry.npmjs.org/side-channel-map/-/side-channel-map-1.0.1.tgz. Extracting by manifest.
336 silly tarball no local data for side-channel-list@https://registry.npmjs.org/side-channel-list/-/side-channel-list-1.0.0.tgz. Extracting by manifest.
337 silly tarball no local data for forwarded@https://registry.npmjs.org/forwarded/-/forwarded-0.2.0.tgz. Extracting by manifest.
338 silly tarball no local data for object-inspect@https://registry.npmjs.org/object-inspect/-/object-inspect-1.13.3.tgz. Extracting by manifest.
339 silly tarball no local data for ee-first@https://registry.npmjs.org/ee-first/-/ee-first-1.1.1.tgz. Extracting by manifest.
340 silly tarball no local data for mime@https://registry.npmjs.org/mime/-/mime-1.6.0.tgz. Extracting by manifest.
341 silly tarball no local data for side-channel@https://registry.npmjs.org/side-channel/-/side-channel-1.1.0.tgz. Extracting by manifest.
342 silly tarball no local data for raw-body@https://registry.npmjs.org/raw-body/-/raw-body-2.5.2.tgz. Extracting by manifest.
343 silly tarball no local data for safer-buffer@https://registry.npmjs.org/safer-buffer/-/safer-buffer-2.1.2.tgz. Extracting by manifest.
344 silly tarball no local data for toidentifier@https://registry.npmjs.org/toidentifier/-/toidentifier-1.0.1.tgz. Extracting by manifest.
345 silly tarball no local data for unpipe@https://registry.npmjs.org/unpipe/-/unpipe-1.0.0.tgz. Extracting by manifest.
346 silly tarball no local data for iconv-lite@https://registry.npmjs.org/iconv-lite/-/iconv-lite-0.4.24.tgz. Extracting by manifest.
347 silly tarball no local data for destroy@https://registry.npmjs.org/destroy/-/destroy-1.2.0.tgz. Extracting by manifest.
348 silly tarball no local data for vary@https://registry.npmjs.org/vary/-/vary-1.1.2.tgz. Extracting by manifest.
349 silly tarball no local data for bytes@https://registry.npmjs.org/bytes/-/bytes-3.1.2.tgz. Extracting by manifest.
350 silly tarball no local data for utils-merge@https://registry.npmjs.org/utils-merge/-/utils-merge-1.0.1.tgz. Extracting by manifest.
351 silly tarball no local data for negotiator@https://registry.npmjs.org/negotiator/-/negotiator-0.6.3.tgz. Extracting by manifest.
352 silly tarball no local data for serve-static@https://registry.npmjs.org/serve-static/-/serve-static-1.16.2.tgz. Extracting by manifest.
353 silly tarball no local data for type-is@https://registry.npmjs.org/type-is/-/type-is-1.6.18.tgz. Extracting by manifest.
354 silly tarball no local data for statuses@https://registry.npmjs.org/statuses/-/statuses-2.0.1.tgz. Extracting by manifest.
355 silly tarball no local data for setprototypeof@https://registry.npmjs.org/setprototypeof/-/setprototypeof-1.2.0.tgz. Extracting by manifest.
356 silly tarball no local data for range-parser@https://registry.npmjs.org/range-parser/-/range-parser-1.2.1.tgz. Extracting by manifest.
357 silly tarball no local data for path-to-regexp@https://registry.npmjs.org/path-to-regexp/-/path-to-regexp-0.1.12.tgz. Extracting by manifest.
358 silly tarball no local data for send@https://registry.npmjs.org/send/-/send-0.19.0.tgz. Extracting by manifest.
359 silly tarball no local data for on-finished@https://registry.npmjs.org/on-finished/-/on-finished-2.4.1.tgz. Extracting by manifest.
360 silly tarball no local data for proxy-addr@https://registry.npmjs.org/proxy-addr/-/proxy-addr-2.0.7.tgz. Extracting by manifest.
361 silly tarball no local data for qs@https://registry.npmjs.org/qs/-/qs-6.13.0.tgz. Extracting by manifest.
362 silly tarball no local data for parseurl@https://registry.npmjs.org/parseurl/-/parseurl-1.3.3.tgz. Extracting by manifest.
363 silly tarball no local data for methods@https://registry.npmjs.org/methods/-/methods-1.1.2.tgz. Extracting by manifest.
364 silly tarball no local data for fresh@https://registry.npmjs.org/fresh/-/fresh-0.5.2.tgz. Extracting by manifest.
365 silly tarball no local data for http-errors@https://registry.npmjs.org/http-errors/-/http-errors-2.0.0.tgz. Extracting by manifest.
366 silly tarball no local data for finalhandler@https://registry.npmjs.org/finalhandler/-/finalhandler-1.3.1.tgz. Extracting by manifest.
367 silly tarball no local data for content-type@https://registry.npmjs.org/content-type/-/content-type-1.0.5.tgz. Extracting by manifest.
368 silly tarball no local data for merge-descriptors@https://registry.npmjs.org/merge-descriptors/-/merge-descriptors-1.0.3.tgz. Extracting by manifest.
369 silly tarball no local data for cookie-signature@https://registry.npmjs.org/cookie-signature/-/cookie-signature-1.0.6.tgz. Extracting by manifest.
370 silly tarball no local data for escape-html@https://registry.npmjs.org/escape-html/-/escape-html-1.0.3.tgz. Extracting by manifest.
371 silly tarball no local data for etag@https://registry.npmjs.org/etag/-/etag-1.8.1.tgz. Extracting by manifest.
372 silly tarball no local data for depd@https://registry.npmjs.org/depd/-/depd-2.0.0.tgz. Extracting by manifest.
373 silly tarball no local data for encodeurl@https://registry.npmjs.org/encodeurl/-/encodeurl-2.0.0.tgz. Extracting by manifest.
374 silly tarball no local data for cookie@https://registry.npmjs.org/cookie/-/cookie-0.7.1.tgz. Extracting by manifest.
375 silly tarball no local data for body-parser@https://registry.npmjs.org/body-parser/-/body-parser-1.20.3.tgz. Extracting by manifest.
376 silly tarball no local data for content-disposition@https://registry.npmjs.org/content-disposition/-/content-disposition-0.5.4.tgz. Extracting by manifest.
377 silly tarball no local data for array-flatten@https://registry.npmjs.org/array-flatten/-/array-flatten-1.1.1.tgz. Extracting by manifest.
378 silly tarball no local data for ws@https://registry.npmjs.org/ws/-/ws-0.8.1.tgz. Extracting by manifest.
379 silly tarball no local data for node-red-contrib-graphs@https://registry.npmjs.org/node-red-contrib-graphs/-/node-red-contrib-graphs-0.3.5.tgz. Extracting by manifest.
380 silly tarball no local data for mustache@https://registry.npmjs.org/mustache/-/mustache-2.3.2.tgz. Extracting by manifest.
381 silly tarball no local data for accepts@https://registry.npmjs.org/accepts/-/accepts-1.3.8.tgz. Extracting by manifest.
382 silly tarball no local data for express@https://registry.npmjs.org/express/-/express-4.21.2.tgz. Extracting by manifest.
383 silly tarball no local data for encodeurl@https://registry.npmjs.org/encodeurl/-/encodeurl-1.0.2.tgz. Extracting by manifest.
384 silly tarball no local data for nan@https://registry.npmjs.org/nan/-/nan-2.4.0.tgz. Extracting by manifest.
385 silly tarball no local data for ms@https://registry.npmjs.org/ms/-/ms-2.1.3.tgz. Extracting by manifest.
386 silly tarball no local data for ipaddr.js@https://registry.npmjs.org/ipaddr.js/-/ipaddr.js-1.9.1.tgz. Extracting by manifest.
387 http fetch GET 200 https://registry.npmjs.org/options/-/options-0.0.6.tgz 993ms (cache miss)
388 http fetch GET 200 https://registry.npmjs.org/bufferutil/-/bufferutil-1.2.1.tgz 1151ms (cache miss)
389 http fetch GET 200 https://registry.npmjs.org/utf-8-validate/-/utf-8-validate-1.2.2.tgz 1156ms (cache miss)
390 http fetch GET 200 https://registry.npmjs.org/media-typer/-/media-typer-0.3.0.tgz 1207ms (cache miss)
391 http fetch GET 200 https://registry.npmjs.org/side-channel-list/-/side-channel-list-1.0.0.tgz 1206ms (cache miss)
392 http fetch GET 200 https://registry.npmjs.org/unpipe/-/unpipe-1.0.0.tgz 1203ms (cache miss)
393 http fetch GET 200 https://registry.npmjs.org/safer-buffer/-/safer-buffer-2.1.2.tgz 1213ms (cache miss)
394 http fetch GET 200 https://registry.npmjs.org/destroy/-/destroy-1.2.0.tgz 1210ms (cache miss)
395 http fetch GET 200 https://registry.npmjs.org/side-channel-weakmap/-/side-channel-weakmap-1.0.2.tgz 1241ms (cache miss)
396 http fetch GET 200 https://registry.npmjs.org/forwarded/-/forwarded-0.2.0.tgz 1239ms (cache miss)
397 http fetch GET 200 https://registry.npmjs.org/toidentifier/-/toidentifier-1.0.1.tgz 1232ms (cache miss)
398 http fetch GET 200 https://registry.npmjs.org/ultron/-/ultron-1.0.2.tgz 1251ms (cache miss)
399 http fetch GET 200 https://registry.npmjs.org/negotiator/-/negotiator-0.6.3.tgz 1276ms (cache miss)
400 http fetch GET 200 https://registry.npmjs.org/range-parser/-/range-parser-1.2.1.tgz 1272ms (cache miss)
401 http fetch GET 200 https://registry.npmjs.org/bindings/-/bindings-1.2.1.tgz 1310ms (cache miss)
402 http fetch GET 200 https://registry.npmjs.org/merge-descriptors/-/merge-descriptors-1.0.3.tgz 1274ms (cache miss)
403 http fetch GET 200 https://registry.npmjs.org/vary/-/vary-1.1.2.tgz 1303ms (cache miss)
404 http fetch GET 200 https://registry.npmjs.org/serve-static/-/serve-static-1.16.2.tgz 1298ms (cache miss)
405 http fetch GET 200 https://registry.npmjs.org/utils-merge/-/utils-merge-1.0.1.tgz 1308ms (cache miss)
406 http fetch GET 200 https://registry.npmjs.org/bytes/-/bytes-3.1.2.tgz 1313ms (cache miss)
407 http fetch GET 200 https://registry.npmjs.org/escape-html/-/escape-html-1.0.3.tgz 1295ms (cache miss)
408 http fetch GET 200 https://registry.npmjs.org/encodeurl/-/encodeurl-2.0.0.tgz 1295ms (cache miss)
409 http fetch GET 200 https://registry.npmjs.org/parseurl/-/parseurl-1.3.3.tgz 1305ms (cache miss)
410 http fetch GET 200 https://registry.npmjs.org/cookie-signature/-/cookie-signature-1.0.6.tgz 1333ms (cache miss)
411 http fetch GET 200 https://registry.npmjs.org/setprototypeof/-/setprototypeof-1.2.0.tgz 1346ms (cache miss)
412 http fetch GET 200 https://registry.npmjs.org/ee-first/-/ee-first-1.1.1.tgz 1370ms (cache miss)
413 http fetch GET 200 https://registry.npmjs.org/send/-/send-0.19.0.tgz 1348ms (cache miss)
414 http fetch GET 200 https://registry.npmjs.org/raw-body/-/raw-body-2.5.2.tgz 1386ms (cache miss)
415 http fetch GET 200 https://registry.npmjs.org/methods/-/methods-1.1.2.tgz 1375ms (cache miss)
416 http fetch GET 200 https://registry.npmjs.org/ms/-/ms-2.1.3.tgz 1349ms (cache miss)
417 http fetch GET 200 https://registry.npmjs.org/ipaddr.js/-/ipaddr.js-1.9.1.tgz 1362ms (cache miss)
418 http fetch GET 200 https://registry.npmjs.org/statuses/-/statuses-2.0.1.tgz 1402ms (cache miss)
419 http fetch GET 200 https://registry.npmjs.org/on-finished/-/on-finished-2.4.1.tgz 1397ms (cache miss)
420 http fetch GET 200 https://registry.npmjs.org/fresh/-/fresh-0.5.2.tgz 1403ms (cache miss)
421 http fetch GET 200 https://registry.npmjs.org/accepts/-/accepts-1.3.8.tgz 1385ms (cache miss)
422 http fetch GET 200 https://registry.npmjs.org/proxy-addr/-/proxy-addr-2.0.7.tgz 1408ms (cache miss)
423 http fetch GET 200 https://registry.npmjs.org/cookie/-/cookie-0.7.1.tgz 1401ms (cache miss)
424 http fetch GET 200 https://registry.npmjs.org/array-flatten/-/array-flatten-1.1.1.tgz 1400ms (cache miss)
425 http fetch GET 200 https://registry.npmjs.org/etag/-/etag-1.8.1.tgz 1409ms (cache miss)
426 http fetch GET 200 https://registry.npmjs.org/path-to-regexp/-/path-to-regexp-0.1.12.tgz 1422ms (cache miss)
427 http fetch GET 200 https://registry.npmjs.org/content-type/-/content-type-1.0.5.tgz 1413ms (cache miss)
428 http fetch GET 200 https://registry.npmjs.org/type-is/-/type-is-1.6.18.tgz 1432ms (cache miss)
429 http fetch GET 200 https://registry.npmjs.org/http-errors/-/http-errors-2.0.0.tgz 1445ms (cache miss)
430 http fetch GET 200 https://registry.npmjs.org/depd/-/depd-2.0.0.tgz 1456ms (cache miss)
431 http fetch GET 200 https://registry.npmjs.org/side-channel-map/-/side-channel-map-1.0.1.tgz 1503ms (cache miss)
432 http fetch GET 200 https://registry.npmjs.org/finalhandler/-/finalhandler-1.3.1.tgz 1479ms (cache miss)
433 http fetch GET 200 https://registry.npmjs.org/encodeurl/-/encodeurl-1.0.2.tgz 1470ms (cache miss)
434 http fetch GET 200 https://registry.npmjs.org/content-disposition/-/content-disposition-0.5.4.tgz 1495ms (cache miss)
435 http fetch GET 200 https://registry.npmjs.org/body-parser/-/body-parser-1.20.3.tgz 1534ms (cache miss)
436 http fetch GET 200 https://registry.npmjs.org/side-channel/-/side-channel-1.1.0.tgz 1631ms (cache miss)
437 http fetch GET 200 https://registry.npmjs.org/ws/-/ws-0.8.1.tgz 1652ms (cache miss)
438 http fetch GET 200 https://registry.npmjs.org/qs/-/qs-6.13.0.tgz 1714ms (cache miss)
439 http fetch GET 200 https://registry.npmjs.org/mime/-/mime-1.6.0.tgz 1748ms (cache miss)
440 http fetch GET 200 https://registry.npmjs.org/mustache/-/mustache-2.3.2.tgz 1730ms (cache miss)
441 http fetch GET 200 https://registry.npmjs.org/iconv-lite/-/iconv-lite-0.4.24.tgz 1888ms (cache miss)
442 http fetch GET 200 https://registry.npmjs.org/express/-/express-4.21.2.tgz 1878ms (cache miss)
443 http fetch GET 200 https://registry.npmjs.org/object-inspect/-/object-inspect-1.13.3.tgz 1932ms (cache miss)
444 http fetch GET 200 https://registry.npmjs.org/nan/-/nan-2.4.0.tgz 1965ms (cache miss)
445 http fetch GET 200 https://registry.npmjs.org/node-red-contrib-graphs/-/node-red-contrib-graphs-0.3.5.tgz 2226ms (cache miss)
446 http fetch GET 200 https://registry.npmjs.org/nan/-/nan-2.22.0.tgz 2378ms (cache miss)
447 info run bufferutil@1.2.1 install node_modules/bufferutil node-gyp rebuild
448 info run utf-8-validate@1.2.2 install node_modules/utf-8-validate node-gyp rebuild
449 info run utf-8-validate@1.2.2 install { code: 1, signal: null }
450 verbose reify failed optional dependency /data/node_modules/utf-8-validate
451 silly reify mark deleted [ '/data/node_modules/utf-8-validate' ]
452 verbose reify failed optional dependency /data/node_modules/utf-8-validate/node_modules/nan
453 silly reify mark deleted [ '/data/node_modules/utf-8-validate/node_modules/nan' ]
454 info run bufferutil@1.2.1 install { code: 1, signal: null }
455 verbose reify failed optional dependency /data/node_modules/bufferutil
456 silly reify mark deleted [ '/data/node_modules/bufferutil' ]
457 verbose reify failed optional dependency /data/node_modules/nan
458 silly reify mark deleted [ '/data/node_modules/nan' ]
459 silly ADD
460 silly ADD node_modules/bindings
461 silly ADD
462 silly ADD node_modules/nan
463 silly ADD node_modules/ultron
464 silly ADD node_modules/options
465 silly ADD
466 silly ADD node_modules/media-typer
467 silly ADD node_modules/side-channel-weakmap
468 silly ADD node_modules/side-channel-map
469 silly ADD node_modules/side-channel-list
470 silly ADD node_modules/object-inspect
471 silly ADD node_modules/mime
472 silly ADD node_modules/side-channel
473 silly ADD node_modules/forwarded
474 silly ADD node_modules/ee-first
475 silly ADD node_modules/safer-buffer
476 silly ADD node_modules/toidentifier
477 silly ADD node_modules/unpipe
478 silly ADD node_modules/raw-body
479 silly ADD node_modules/iconv-lite
480 silly ADD node_modules/destroy
481 silly ADD node_modules/bytes
482 silly ADD node_modules/negotiator
483 silly ADD node_modules/vary
484 silly ADD node_modules/utils-merge
485 silly ADD node_modules/type-is
486 silly ADD node_modules/statuses
487 silly ADD node_modules/setprototypeof
488 silly ADD node_modules/serve-static
489 silly ADD node_modules/send
490 silly ADD node_modules/send/node_modules/ms
491 silly ADD node_modules/send/node_modules/encodeurl
492 silly ADD node_modules/range-parser
493 silly ADD node_modules/qs
494 silly ADD node_modules/proxy-addr
495 silly ADD node_modules/proxy-addr/node_modules/ipaddr.js
496 silly ADD node_modules/path-to-regexp
497 silly ADD node_modules/parseurl
498 silly ADD node_modules/on-finished
499 silly ADD node_modules/methods
500 silly ADD node_modules/merge-descriptors
501 silly ADD node_modules/http-errors
502 silly ADD node_modules/fresh
503 silly ADD node_modules/finalhandler
504 silly ADD node_modules/etag
505 silly ADD node_modules/escape-html
506 silly ADD node_modules/encodeurl
507 silly ADD node_modules/depd
508 silly ADD node_modules/cookie-signature
509 silly ADD node_modules/cookie
510 silly ADD node_modules/content-type
511 silly ADD node_modules/content-disposition
512 silly ADD node_modules/body-parser
513 silly ADD node_modules/array-flatten
514 silly ADD node_modules/accepts
515 silly ADD node_modules/ws
516 silly ADD node_modules/mustache
517 silly ADD node_modules/express
518 silly ADD node_modules/node-red-contrib-graphs
519 verbose cwd /data
520 verbose os Linux 5.15.153.1-microsoft-standard-WSL2
521 verbose node v20.18.0
522 verbose npm  v10.8.2
523 verbose exit 0
524 info ok
