0 verbose cli /usr/local/bin/node /usr/local/bin/npm
1 info using npm@10.8.2
2 info using node@v20.18.0
3 silly config load:file:/usr/local/lib/node_modules/npm/npmrc
4 silly config load:file:/data/.npmrc
5 silly config load:file:/usr/src/node-red/.npmrc
6 silly config load:file:/usr/local/etc/npmrc
7 verbose title npm install @meowwolf/node-red-contrib-amqp@2.4.2
8 verbose argv "install" "--no-audit" "--no-update-notifier" "--no-fund" "--save" "--save-prefix" "~" "--omit" "dev" "--engine-strict" "@meowwolf/node-red-contrib-amqp@2.4.2"
9 verbose logfile logs-max:10 dir:/data/.npm/_logs/2025-01-04T19_10_10_352Z-
10 verbose logfile /data/.npm/_logs/2025-01-04T19_10_10_352Z-debug-0.log
11 silly packumentCache heap:4345298944 maxSize:1086324736 maxEntrySize:543162368
12 silly logfile done cleaning log files
13 silly idealTree buildDeps
14 silly fetch manifest @meowwolf/node-red-contrib-amqp@2.4.2
15 silly packumentCache full:https://registry.npmjs.org/@meowwolf%2fnode-red-contrib-amqp cache-miss
16 http fetch GET 200 https://registry.npmjs.org/@meowwolf%2fnode-red-contrib-amqp 1395ms (cache miss)
17 silly packumentCache full:https://registry.npmjs.org/@meowwolf%2fnode-red-contrib-amqp set size:undefined disposed:false
18 silly placeDep ROOT @meowwolf/node-red-contrib-amqp@2.4.2 OK for: node-red-project@0.0.1 want: 2.4.2
19 silly fetch manifest uuid@^8.3.2
20 silly packumentCache full:https://registry.npmjs.org/uuid cache-miss
21 silly fetch manifest rimraf@^3.0.2
22 silly packumentCache full:https://registry.npmjs.org/rimraf cache-miss
23 silly fetch manifest amqplib@^0.8.0
24 silly packumentCache full:https://registry.npmjs.org/amqplib cache-miss
25 silly fetch manifest lodash.clonedeep@^4.5.0
26 silly packumentCache full:https://registry.npmjs.org/lodash.clonedeep cache-miss
27 http fetch GET 200 https://registry.npmjs.org/rimraf 62ms (cache miss)
28 silly packumentCache full:https://registry.npmjs.org/rimraf set size:undefined disposed:false
29 http fetch GET 200 https://registry.npmjs.org/amqplib 106ms (cache miss)
30 silly packumentCache full:https://registry.npmjs.org/amqplib set size:undefined disposed:false
31 http fetch GET 200 https://registry.npmjs.org/uuid 121ms (cache updated)
32 silly packumentCache full:https://registry.npmjs.org/uuid set size:undefined disposed:false
33 http fetch GET 200 https://registry.npmjs.org/lodash.clonedeep 582ms (cache miss)
34 silly packumentCache full:https://registry.npmjs.org/lodash.clonedeep set size:undefined disposed:false
35 silly placeDep ROOT amqplib@0.8.0 OK for: @meowwolf/node-red-contrib-amqp@2.4.2 want: ^0.8.0
36 silly placeDep ROOT lodash.clonedeep@4.5.0 OK for: @meowwolf/node-red-contrib-amqp@2.4.2 want: ^4.5.0
37 silly placeDep ROOT rimraf@3.0.2 OK for: @meowwolf/node-red-contrib-amqp@2.4.2 want: ^3.0.2
38 silly placeDep ROOT uuid@8.3.2 OK for: @meowwolf/node-red-contrib-amqp@2.4.2 want: ^8.3.2
39 silly fetch manifest bluebird@^3.7.2
40 silly packumentCache full:https://registry.npmjs.org/bluebird cache-miss
41 silly fetch manifest bitsyntax@~0.1.0
42 silly packumentCache full:https://registry.npmjs.org/bitsyntax cache-miss
43 silly fetch manifest url-parse@~1.5.1
44 silly packumentCache full:https://registry.npmjs.org/url-parse cache-miss
45 silly fetch manifest readable-stream@1.x >=1.1.9
46 silly packumentCache full:https://registry.npmjs.org/readable-stream cache-miss
47 silly fetch manifest buffer-more-ints@~1.0.0
48 silly packumentCache full:https://registry.npmjs.org/buffer-more-ints cache-miss
49 silly fetch manifest glob@^7.1.3
50 silly packumentCache full:https://registry.npmjs.org/glob cache-miss
51 http fetch GET 200 https://registry.npmjs.org/bluebird 71ms (cache miss)
52 silly packumentCache full:https://registry.npmjs.org/bluebird set size:undefined disposed:false
53 http fetch GET 200 https://registry.npmjs.org/url-parse 82ms (cache miss)
54 silly packumentCache full:https://registry.npmjs.org/url-parse set size:undefined disposed:false
55 http fetch GET 200 https://registry.npmjs.org/bitsyntax 104ms (cache miss)
56 silly packumentCache full:https://registry.npmjs.org/bitsyntax set size:undefined disposed:false
57 http fetch GET 200 https://registry.npmjs.org/buffer-more-ints 107ms (cache miss)
58 silly packumentCache full:https://registry.npmjs.org/buffer-more-ints set size:undefined disposed:false
59 http fetch GET 200 https://registry.npmjs.org/readable-stream 138ms (cache updated)
60 silly packumentCache full:https://registry.npmjs.org/readable-stream set size:undefined disposed:false
61 http fetch GET 200 https://registry.npmjs.org/glob 144ms (cache miss)
62 silly packumentCache full:https://registry.npmjs.org/glob set size:undefined disposed:false
63 silly placeDep ROOT bitsyntax@0.1.0 OK for: amqplib@0.8.0 want: ~0.1.0
64 silly placeDep ROOT bluebird@3.7.2 OK for: amqplib@0.8.0 want: ^3.7.2
65 silly placeDep ROOT buffer-more-ints@1.0.0 OK for: amqplib@0.8.0 want: ~1.0.0
66 silly placeDep node_modules/amqplib readable-stream@1.1.14 OK for: amqplib@0.8.0 want: 1.x >=1.1.9
67 silly placeDep ROOT url-parse@1.5.10 OK for: amqplib@0.8.0 want: ~1.5.1
68 silly fetch manifest debug@~2.6.9
69 silly packumentCache full:https://registry.npmjs.org/debug cache-miss
70 silly fetch manifest safe-buffer@~5.1.2
71 silly packumentCache full:https://registry.npmjs.org/safe-buffer cache-miss
72 silly fetch manifest isarray@0.0.1
73 silly packumentCache full:https://registry.npmjs.org/isarray cache-miss
74 silly fetch manifest core-util-is@~1.0.0
75 silly packumentCache full:https://registry.npmjs.org/core-util-is cache-miss
76 silly fetch manifest string_decoder@~0.10.x
77 silly packumentCache full:https://registry.npmjs.org/string_decoder cache-miss
78 silly fetch manifest querystringify@^2.1.1
79 silly packumentCache full:https://registry.npmjs.org/querystringify cache-miss
80 silly fetch manifest requires-port@^1.0.0
81 silly packumentCache full:https://registry.npmjs.org/requires-port cache-miss
82 http fetch GET 200 https://registry.npmjs.org/core-util-is 67ms (cache miss)
83 silly packumentCache full:https://registry.npmjs.org/core-util-is set size:undefined disposed:false
84 http fetch GET 200 https://registry.npmjs.org/querystringify 68ms (cache miss)
85 silly packumentCache full:https://registry.npmjs.org/querystringify set size:undefined disposed:false
86 http fetch GET 200 https://registry.npmjs.org/debug 72ms (cache miss)
87 silly packumentCache full:https://registry.npmjs.org/debug set size:undefined disposed:false
88 http fetch GET 200 https://registry.npmjs.org/safe-buffer 74ms (cache updated)
89 silly packumentCache full:https://registry.npmjs.org/safe-buffer set size:undefined disposed:false
90 http fetch GET 200 https://registry.npmjs.org/string_decoder 86ms (cache updated)
91 silly packumentCache full:https://registry.npmjs.org/string_decoder set size:undefined disposed:false
92 http fetch GET 200 https://registry.npmjs.org/requires-port 111ms (cache miss)
93 silly packumentCache full:https://registry.npmjs.org/requires-port set size:undefined disposed:false
94 http fetch GET 200 https://registry.npmjs.org/isarray 128ms (cache updated)
95 silly packumentCache full:https://registry.npmjs.org/isarray set size:undefined disposed:false
96 silly placeDep ROOT debug@2.6.9 OK for: bitsyntax@0.1.0 want: ~2.6.9
97 silly placeDep node_modules/bitsyntax safe-buffer@5.1.2 OK for: bitsyntax@0.1.0 want: ~5.1.2
98 silly fetch manifest ms@2.0.0
99 silly packumentCache full:https://registry.npmjs.org/ms cache-miss
100 http fetch GET 200 https://registry.npmjs.org/ms 55ms (cache miss)
101 silly packumentCache full:https://registry.npmjs.org/ms set size:undefined disposed:false
102 silly placeDep ROOT ms@2.0.0 OK for: debug@2.6.9 want: 2.0.0
103 silly placeDep ROOT glob@7.2.3 OK for: rimraf@3.0.2 want: ^7.1.3
104 silly fetch manifest once@^1.3.0
105 silly packumentCache full:https://registry.npmjs.org/once cache-miss
106 silly fetch manifest inflight@^1.0.4
107 silly packumentCache full:https://registry.npmjs.org/inflight cache-miss
108 silly fetch manifest minimatch@^3.1.1
109 silly packumentCache full:https://registry.npmjs.org/minimatch cache-miss
110 silly fetch manifest fs.realpath@^1.0.0
111 silly packumentCache full:https://registry.npmjs.org/fs.realpath cache-miss
112 silly fetch manifest path-is-absolute@^1.0.0
113 silly packumentCache full:https://registry.npmjs.org/path-is-absolute cache-miss
114 http fetch GET 200 https://registry.npmjs.org/once 50ms (cache miss)
115 silly packumentCache full:https://registry.npmjs.org/once set size:undefined disposed:false
116 http fetch GET 200 https://registry.npmjs.org/inflight 58ms (cache miss)
117 silly packumentCache full:https://registry.npmjs.org/inflight set size:undefined disposed:false
118 http fetch GET 200 https://registry.npmjs.org/path-is-absolute 91ms (cache miss)
119 silly packumentCache full:https://registry.npmjs.org/path-is-absolute set size:undefined disposed:false
120 http fetch GET 200 https://registry.npmjs.org/minimatch 92ms (cache updated)
121 silly packumentCache full:https://registry.npmjs.org/minimatch set size:undefined disposed:false
122 http fetch GET 200 https://registry.npmjs.org/fs.realpath 104ms (cache miss)
123 silly packumentCache full:https://registry.npmjs.org/fs.realpath set size:undefined disposed:false
124 silly placeDep ROOT fs.realpath@1.0.0 OK for: glob@7.2.3 want: ^1.0.0
125 silly placeDep ROOT inflight@1.0.6 OK for: glob@7.2.3 want: ^1.0.4
126 silly placeDep ROOT minimatch@3.1.2 OK for: glob@7.2.3 want: ^3.1.1
127 silly placeDep ROOT once@1.4.0 OK for: glob@7.2.3 want: ^1.3.0
128 silly placeDep ROOT path-is-absolute@1.0.1 OK for: glob@7.2.3 want: ^1.0.0
129 silly fetch manifest wrappy@1
130 silly packumentCache full:https://registry.npmjs.org/wrappy cache-miss
131 silly fetch manifest brace-expansion@^1.1.7
132 silly packumentCache full:https://registry.npmjs.org/brace-expansion cache-miss
133 silly fetch manifest wrappy@1
134 silly packumentCache full:https://registry.npmjs.org/wrappy cache-miss
135 http fetch GET 200 https://registry.npmjs.org/wrappy 49ms (cache miss)
136 silly packumentCache full:https://registry.npmjs.org/wrappy set size:undefined disposed:false
137 http fetch GET 200 https://registry.npmjs.org/wrappy 50ms (cache miss)
138 silly packumentCache full:https://registry.npmjs.org/wrappy set size:undefined disposed:false
139 http fetch GET 200 https://registry.npmjs.org/brace-expansion 68ms (cache updated)
140 silly packumentCache full:https://registry.npmjs.org/brace-expansion set size:undefined disposed:false
141 silly placeDep ROOT wrappy@1.0.2 OK for: inflight@1.0.6 want: 1
142 silly placeDep ROOT brace-expansion@1.1.11 OK for: minimatch@3.1.2 want: ^1.1.7
143 silly fetch manifest balanced-match@^1.0.0
144 silly packumentCache full:https://registry.npmjs.org/balanced-match cache-miss
145 silly fetch manifest concat-map@0.0.1
146 silly packumentCache full:https://registry.npmjs.org/concat-map cache-miss
147 http fetch GET 200 https://registry.npmjs.org/concat-map 50ms (cache miss)
148 silly packumentCache full:https://registry.npmjs.org/concat-map set size:undefined disposed:false
149 http fetch GET 200 https://registry.npmjs.org/balanced-match 64ms (cache updated)
150 silly packumentCache full:https://registry.npmjs.org/balanced-match set size:undefined disposed:false
151 silly placeDep ROOT balanced-match@1.0.2 OK for: brace-expansion@1.1.11 want: ^1.0.0
152 silly placeDep ROOT concat-map@0.0.1 OK for: brace-expansion@1.1.11 want: 0.0.1
153 silly placeDep ROOT querystringify@2.2.0 OK for: url-parse@1.5.10 want: ^2.1.1
154 silly placeDep ROOT requires-port@1.0.0 OK for: url-parse@1.5.10 want: ^1.0.0
155 silly placeDep ROOT core-util-is@1.0.3 OK for: readable-stream@1.1.14 want: ~1.0.0
156 silly placeDep ROOT isarray@0.0.1 OK for: readable-stream@1.1.14 want: 0.0.1
157 silly placeDep node_modules/amqplib string_decoder@0.10.31 OK for: readable-stream@1.1.14 want: ~0.10.x
158 silly reify moves {}
159 silly tarball no local data for requires-port@https://registry.npmjs.org/requires-port/-/requires-port-1.0.0.tgz. Extracting by manifest.
160 silly tarball no local data for core-util-is@https://registry.npmjs.org/core-util-is/-/core-util-is-1.0.3.tgz. Extracting by manifest.
161 silly tarball no local data for isarray@https://registry.npmjs.org/isarray/-/isarray-0.0.1.tgz. Extracting by manifest.
162 silly tarball no local data for brace-expansion@https://registry.npmjs.org/brace-expansion/-/brace-expansion-1.1.11.tgz. Extracting by manifest.
163 silly tarball no local data for querystringify@https://registry.npmjs.org/querystringify/-/querystringify-2.2.0.tgz. Extracting by manifest.
164 silly tarball no local data for concat-map@https://registry.npmjs.org/concat-map/-/concat-map-0.0.1.tgz. Extracting by manifest.
165 silly tarball no local data for wrappy@https://registry.npmjs.org/wrappy/-/wrappy-1.0.2.tgz. Extracting by manifest.
166 silly tarball no local data for path-is-absolute@https://registry.npmjs.org/path-is-absolute/-/path-is-absolute-1.0.1.tgz. Extracting by manifest.
167 silly tarball no local data for once@https://registry.npmjs.org/once/-/once-1.4.0.tgz. Extracting by manifest.
168 silly tarball no local data for minimatch@https://registry.npmjs.org/minimatch/-/minimatch-3.1.2.tgz. Extracting by manifest.
169 silly tarball no local data for inflight@https://registry.npmjs.org/inflight/-/inflight-1.0.6.tgz. Extracting by manifest.
170 silly tarball no local data for ms@https://registry.npmjs.org/ms/-/ms-2.0.0.tgz. Extracting by manifest.
171 silly tarball no local data for fs.realpath@https://registry.npmjs.org/fs.realpath/-/fs.realpath-1.0.0.tgz. Extracting by manifest.
172 silly tarball no local data for url-parse@https://registry.npmjs.org/url-parse/-/url-parse-1.5.10.tgz. Extracting by manifest.
173 silly tarball no local data for glob@https://registry.npmjs.org/glob/-/glob-7.2.3.tgz. Extracting by manifest.
174 silly tarball no local data for debug@https://registry.npmjs.org/debug/-/debug-2.6.9.tgz. Extracting by manifest.
175 silly tarball no local data for buffer-more-ints@https://registry.npmjs.org/buffer-more-ints/-/buffer-more-ints-1.0.0.tgz. Extracting by manifest.
176 silly tarball no local data for bluebird@https://registry.npmjs.org/bluebird/-/bluebird-3.7.2.tgz. Extracting by manifest.
177 silly tarball no local data for rimraf@https://registry.npmjs.org/rimraf/-/rimraf-3.0.2.tgz. Extracting by manifest.
178 silly tarball no local data for amqplib@https://registry.npmjs.org/amqplib/-/amqplib-0.8.0.tgz. Extracting by manifest.
179 silly tarball no local data for bitsyntax@https://registry.npmjs.org/bitsyntax/-/bitsyntax-0.1.0.tgz. Extracting by manifest.
180 silly tarball no local data for uuid@https://registry.npmjs.org/uuid/-/uuid-8.3.2.tgz. Extracting by manifest.
181 silly tarball no local data for lodash.clonedeep@https://registry.npmjs.org/lodash.clonedeep/-/lodash.clonedeep-4.5.0.tgz. Extracting by manifest.
182 silly tarball no local data for @meowwolf/node-red-contrib-amqp@https://registry.npmjs.org/@meowwolf/node-red-contrib-amqp/-/node-red-contrib-amqp-2.4.2.tgz. Extracting by manifest.
183 silly tarball no local data for readable-stream@https://registry.npmjs.org/readable-stream/-/readable-stream-1.1.14.tgz. Extracting by manifest.
184 silly tarball no local data for string_decoder@https://registry.npmjs.org/string_decoder/-/string_decoder-0.10.31.tgz. Extracting by manifest.
185 silly tarball no local data for safe-buffer@https://registry.npmjs.org/safe-buffer/-/safe-buffer-5.1.2.tgz. Extracting by manifest.
186 http fetch GET 200 https://registry.npmjs.org/core-util-is/-/core-util-is-1.0.3.tgz 401ms (cache miss)
187 http fetch GET 200 https://registry.npmjs.org/querystringify/-/querystringify-2.2.0.tgz 427ms (cache miss)
188 http fetch GET 200 https://registry.npmjs.org/concat-map/-/concat-map-0.0.1.tgz 438ms (cache miss)
189 http fetch GET 200 https://registry.npmjs.org/isarray/-/isarray-0.0.1.tgz 453ms (cache miss)
190 http fetch GET 200 https://registry.npmjs.org/wrappy/-/wrappy-1.0.2.tgz 452ms (cache miss)
191 http fetch GET 200 https://registry.npmjs.org/requires-port/-/requires-port-1.0.0.tgz 473ms (cache miss)
192 http fetch GET 200 https://registry.npmjs.org/brace-expansion/-/brace-expansion-1.1.11.tgz 471ms (cache miss)
193 http fetch GET 200 https://registry.npmjs.org/buffer-more-ints/-/buffer-more-ints-1.0.0.tgz 484ms (cache miss)
194 http fetch GET 200 https://registry.npmjs.org/inflight/-/inflight-1.0.6.tgz 499ms (cache miss)
195 warn deprecated inflight@1.0.6: This module is not supported, and leaks memory. Do not use it. Check out lru-cache if you want a good and tested way to coalesce async requests by a key value, which is much more comprehensive and powerful.
196 http fetch GET 200 https://registry.npmjs.org/lodash.clonedeep/-/lodash.clonedeep-4.5.0.tgz 501ms (cache miss)
197 http fetch GET 200 https://registry.npmjs.org/string_decoder/-/string_decoder-0.10.31.tgz 497ms (cache miss)
198 http fetch GET 200 https://registry.npmjs.org/safe-buffer/-/safe-buffer-5.1.2.tgz 493ms (cache miss)
199 http fetch GET 200 https://registry.npmjs.org/once/-/once-1.4.0.tgz 523ms (cache miss)
200 http fetch GET 200 https://registry.npmjs.org/path-is-absolute/-/path-is-absolute-1.0.1.tgz 526ms (cache miss)
201 http fetch GET 200 https://registry.npmjs.org/ms/-/ms-2.0.0.tgz 526ms (cache miss)
202 http fetch GET 200 https://registry.npmjs.org/fs.realpath/-/fs.realpath-1.0.0.tgz 526ms (cache miss)
203 http fetch GET 200 https://registry.npmjs.org/rimraf/-/rimraf-3.0.2.tgz 536ms (cache miss)
204 warn deprecated rimraf@3.0.2: Rimraf versions prior to v4 are no longer supported
205 http fetch GET 200 https://registry.npmjs.org/minimatch/-/minimatch-3.1.2.tgz 569ms (cache miss)
206 http fetch GET 200 https://registry.npmjs.org/bitsyntax/-/bitsyntax-0.1.0.tgz 581ms (cache miss)
207 http fetch GET 200 https://registry.npmjs.org/glob/-/glob-7.2.3.tgz 624ms (cache miss)
208 warn deprecated glob@7.2.3: Glob versions prior to v9 are no longer supported
209 http fetch GET 200 https://registry.npmjs.org/url-parse/-/url-parse-1.5.10.tgz 634ms (cache miss)
210 http fetch GET 200 https://registry.npmjs.org/debug/-/debug-2.6.9.tgz 636ms (cache miss)
211 http fetch GET 200 https://registry.npmjs.org/readable-stream/-/readable-stream-1.1.14.tgz 663ms (cache miss)
212 http fetch GET 200 https://registry.npmjs.org/uuid/-/uuid-8.3.2.tgz 910ms (cache miss)
213 http fetch GET 200 https://registry.npmjs.org/amqplib/-/amqplib-0.8.0.tgz 969ms (cache miss)
214 http fetch GET 200 https://registry.npmjs.org/bluebird/-/bluebird-3.7.2.tgz 995ms (cache miss)
215 http fetch GET 200 https://registry.npmjs.org/@meowwolf/node-red-contrib-amqp/-/node-red-contrib-amqp-2.4.2.tgz 1018ms (cache miss)
216 silly ADD node_modules/isarray
217 silly ADD node_modules/core-util-is
218 silly ADD node_modules/requires-port
219 silly ADD node_modules/querystringify
220 silly ADD node_modules/concat-map
221 silly ADD node_modules/balanced-match
222 silly ADD node_modules/brace-expansion
223 silly ADD node_modules/wrappy
224 silly ADD node_modules/path-is-absolute
225 silly ADD node_modules/once
226 silly ADD node_modules/minimatch
227 silly ADD node_modules/inflight
228 silly ADD node_modules/fs.realpath
229 silly ADD node_modules/glob
230 silly ADD node_modules/ms
231 silly ADD node_modules/debug
232 silly ADD node_modules/url-parse
233 silly ADD node_modules/buffer-more-ints
234 silly ADD node_modules/bluebird
235 silly ADD node_modules/bitsyntax
236 silly ADD node_modules/bitsyntax/node_modules/safe-buffer
237 silly ADD node_modules/uuid
238 silly ADD node_modules/rimraf
239 silly ADD node_modules/lodash.clonedeep
240 silly ADD node_modules/amqplib
241 silly ADD node_modules/amqplib/node_modules/string_decoder
242 silly ADD node_modules/amqplib/node_modules/readable-stream
243 silly ADD node_modules/@meowwolf/node-red-contrib-amqp
244 verbose cwd /data
245 verbose os Linux 5.15.153.1-microsoft-standard-WSL2
246 verbose node v20.18.0
247 verbose npm  v10.8.2
248 verbose exit 0
249 info ok
